1595201815.853451 17088 (squid) 1 1 62672896 5138
1595201816.376679 17088 (squid) 1 1 62672896 5138
1595201816.899828 17088 (squid) 1 1 62672896 5138
1595201817.422854 17088 (squid) 1 1 62672896 5138
1595201817.945720 17088 (squid) 1 1 62672896 5138
1595201818.469046 17088 (squid) 1 1 62672896 5138
1595201818.993171 17088 (squid) 11 3 64102400 5546
1595201819.509360 17088 (squid) 54 13 64102400 5546
1595201820.025470 17088 (squid) 92 27 64102400 5546
1595201820.541303 17088 (squid) 131 39 64102400 5546
1595201821.057519 17088 (squid) 174 48 64102400 5546
1595201821.573497 17088 (squid) 218 55 64102400 5546
1595201822.089144 17088 (squid) 260 65 64102400 5546
1595201822.604835 17088 (squid) 303 73 64102400 5546
1595201823.121066 17088 (squid) 343 85 64102400 5546
1595201823.636927 17088 (squid) 381 98 64102400 5546
1595201824.152568 17088 (squid) 425 106 64102400 5546
1595201824.668623 17088 (squid) 465 116 64102400 5546
1595201825.184456 17088 (squid) 505 127 64102400 5546
1595201825.700216 17088 (squid) 543 141 64102400 5546
1595201826.216005 17088 (squid) 585 151 64102400 5546
1595201826.731703 17088 (squid) 625 162 64102400 5546
1595201827.247471 17088 (squid) 668 171 64102400 5610
1595201827.763386 17088 (squid) 711 179 64102400 5610
1595201828.279106 17088 (squid) 754 188 64102400 5610
1595201828.794700 17088 (squid) 796 198 64102400 5610
1595201829.310365 17088 (squid) 838 208 64102400 5610
1595201829.826077 17088 (squid) 882 215 64102400 5610
1595201830.341742 17088 (squid) 925 223 64102400 5610
1595201830.857472 17088 (squid) 967 232 64102400 5610
1595201831.373204 17088 (squid) 1007 244 64102400 5610
1595201831.888802 17088 (squid) 1049 254 64102400 5610
1595201832.404539 17088 (squid) 1089 266 64102400 5610
1595201832.920331 17088 (squid) 1132 274 64102400 5610
1595201833.436152 17088 (squid) 1176 282 64102400 5610
1595201833.952929 17088 (squid) 1217 292 64102400 5610
1595201834.468672 17088 (squid) 1257 304 64102400 5610
1595201834.984327 17088 (squid) 1300 312 64102400 5610
1595201835.500050 17088 (squid) 1340 324 64102400 5610
1595201836.015673 17088 (squid) 1385 331 64102400 5610
1595201836.531559 17088 (squid) 1429 338 64102400 5610
1595201837.047325 17088 (squid) 1471 347 64102400 5610
1595201837.562942 17088 (squid) 1514 356 64102400 5610
1595201838.078636 17088 (squid) 1555 367 64102400 5610
1595201838.594412 17088 (squid) 1596 378 64102400 5610
1595201839.110061 17088 (squid) 1637 388 64102400 5610
1595201839.625687 17088 (squid) 1677 398 64102400 5610
1595201840.141336 17088 (squid) 1719 407 64102400 5610
1595201840.657156 17088 (squid) 1760 418 64102400 5610
1595201841.173007 17088 (squid) 1800 429 64102400 5610
1595201841.688749 17088 (squid) 1842 439 64102400 5610
1595201842.204660 17088 (squid) 1885 448 64102400 5610
1595201842.720566 17088 (squid) 1929 455 64102400 5610
1595201843.236597 17088 (squid) 1967 469 64102400 5610
1595201843.752426 17088 (squid) 2009 478 64102400 5610
1595201844.268481 17088 (squid) 2050 489 64102400 5610
1595201844.784461 17088 (squid) 2093 497 64102400 5610
1595201845.300812 17088 (squid) 2135 507 64102400 5610
1595201845.816990 17088 (squid) 2175 518 64102400 5610
1595201846.332695 17088 (squid) 2217 529 64102400 5610
1595201846.848632 17088 (squid) 2259 538 64102400 5610
1595201847.364298 17088 (squid) 2300 548 64102400 5610
1595201847.880055 17088 (squid) 2339 561 64102400 5610
1595201848.395697 17088 (squid) 2380 571 64102400 5610
1595201848.911688 17088 (squid) 2422 581 64102400 5610
1595201849.427769 17088 (squid) 2464 591 64102400 5610
1595201849.943923 17088 (squid) 2504 602 64102400 5610
1595201850.460012 17088 (squid) 2545 613 64102400 5610
1595201850.975584 17088 (squid) 2588 620 64102400 5610
1595201851.491211 17088 (squid) 2631 629 64102400 5610
1595201852.006823 17088 (squid) 2671 640 64102400 5610
1595201852.522765 17088 (squid) 2712 651 64102400 5610
1595201853.038434 17088 (squid) 2751 663 64102400 5610
1595201853.554114 17088 (squid) 2795 671 64102400 5610
1595201854.069996 17088 (squid) 2838 680 64102400 5610
1595201854.585921 17088 (squid) 2881 688 64102400 5610
1595201855.101602 17088 (squid) 2923 698 64102400 5610
1595201855.617597 17088 (squid) 2967 705 64102400 5610
1595201856.133513 17088 (squid) 3006 718 64102400 5610
1595201856.649700 17088 (squid) 3047 728 64102400 5610
1595201857.165301 17088 (squid) 3090 736 64102400 5610
1595201857.680919 17088 (squid) 3131 747 64102400 5610
1595201858.197584 17088 (squid) 3163 756 64102400 5610
1595201858.720400 17088 (squid) 3163 756 64102400 5610
1595201859.243317 17088 (squid) 3163 756 64102400 5610
1595201859.766270 17088 (squid) 3163 756 64102400 5610
1595201860.289163 17088 (squid) 3163 756 64102400 5610
1595201860.812120 17088 (squid) 3163 756 64102400 5610
1595201861.335068 17088 (squid) 3163 756 64102400 5610
1595201861.858224 17088 (squid) 3163 756 64102400 5610
1595201862.381107 17088 (squid) 3163 756 64102400 5610
1595201862.904198 17088 (squid) 3164 756 64102400 5610
1595201863.427053 17088 (squid) 3164 756 64102400 5610
1595201863.950005 17088 (squid) 3164 756 64102400 5610
1595201864.473129 17088 (squid) 3164 756 64102400 5610
1595201864.996093 17088 (squid) 3164 756 64102400 5610
1595201865.518913 17088 (squid) 3164 756 64102400 5610
