1595201725.258282 16462 (squid) 0 2 62672896 5173
1595201725.781545 16462 (squid) 0 2 62672896 5173
1595201726.304748 16462 (squid) 0 2 62672896 5173
1595201726.828348 16462 (squid) 0 2 62672896 5173
1595201727.346125 16462 (squid) 0 2 62672896 5173
1595201727.869559 16462 (squid) 0 2 62672896 5173
1595201728.385273 16462 (squid) 10 5 64102400 5552
1595201728.901173 16462 (squid) 53 13 64102400 5552
1595201729.416947 16462 (squid) 95 23 64102400 5552
1595201729.932874 16462 (squid) 135 35 64102400 5552
1595201730.448767 16462 (squid) 176 45 64102400 5617
1595201730.964471 16462 (squid) 219 54 64102400 5617
1595201731.480268 16462 (squid) 262 63 64102400 5617
1595201731.996116 16462 (squid) 305 71 64102400 5617
1595201732.511921 16462 (squid) 344 84 64102400 5617
1595201733.027742 16462 (squid) 383 96 64102400 5617
1595201733.543489 16462 (squid) 426 104 64102400 5617
1595201734.059408 16462 (squid) 464 118 64102400 5617
1595201734.575258 16462 (squid) 508 126 64102400 5617
1595201735.090998 16462 (squid) 548 137 64102400 5617
1595201735.606784 16462 (squid) 593 144 64102400 5617
1595201736.122600 16462 (squid) 635 153 64102400 5617
1595201736.638368 16462 (squid) 675 165 64102400 5617
1595201737.154076 16462 (squid) 719 173 64102400 5617
1595201737.670110 16462 (squid) 759 185 64102400 5617
1595201738.186451 16462 (squid) 802 193 64102400 5617
1595201738.702273 16462 (squid) 843 203 64102400 5617
1595201739.218287 16462 (squid) 883 215 64102400 5617
1595201739.734349 16462 (squid) 926 223 64102400 5617
1595201740.250403 16462 (squid) 969 232 64102400 5617
1595201740.766578 16462 (squid) 1011 242 64102400 5617
1595201741.282615 16462 (squid) 1053 251 64102400 5617
1595201741.798698 16462 (squid) 1093 263 64102400 5617
1595201742.314702 16462 (squid) 1134 272 64102400 5617
1595201742.830749 16462 (squid) 1175 283 64102400 5617
1595201743.346571 16462 (squid) 1215 295 64102400 5617
1595201743.862715 16462 (squid) 1257 304 64102400 5617
1595201744.378588 16462 (squid) 1301 311 64102400 5617
1595201744.894475 16462 (squid) 1345 319 64102400 5617
1595201745.410605 16462 (squid) 1387 328 64102400 5617
1595201745.927298 16462 (squid) 1427 341 64102400 5617
1595201746.442959 16462 (squid) 1468 351 64102400 5617
1595201746.958529 16462 (squid) 1509 361 64102400 5617
1595201747.474359 16462 (squid) 1550 371 64102400 5617
1595201747.990228 16462 (squid) 1591 382 64102400 5617
1595201748.505861 16462 (squid) 1629 396 64102400 5617
1595201749.021481 16462 (squid) 1672 404 64102400 5617
1595201749.537386 16462 (squid) 1712 415 64102400 5617
1595201750.053343 16462 (squid) 1753 426 64102400 5617
1595201750.568964 16462 (squid) 1793 438 64102400 5617
1595201751.084805 16462 (squid) 1836 446 64102400 5617
1595201751.600455 16462 (squid) 1875 459 64102400 5617
1595201752.116292 16462 (squid) 1915 470 64102400 5617
1595201752.632004 16462 (squid) 1958 478 64102400 5617
1595201753.147670 16462 (squid) 2000 488 64102400 5617
1595201753.663259 16462 (squid) 2041 499 64102400 5617
1595201754.179082 16462 (squid) 2080 512 64102400 5617
1595201754.694982 16462 (squid) 2124 519 64102400 5617
1595201755.210837 16462 (squid) 2166 529 64102400 5617
1595201755.726772 16462 (squid) 2210 536 64102400 5617
1595201756.242603 16462 (squid) 2251 546 64102400 5617
1595201756.758235 16462 (squid) 2292 557 64102400 5617
1595201757.273904 16462 (squid) 2335 565 64102400 5617
1595201757.789500 16462 (squid) 2378 573 64102400 5617
1595201758.305171 16462 (squid) 2423 579 64102400 5617
1595201758.820867 16462 (squid) 2467 587 64102400 5617
1595201759.336583 16462 (squid) 2509 596 64102400 5617
1595201759.852198 16462 (squid) 2552 605 64102400 5617
1595201760.367784 16462 (squid) 2592 617 64102400 5617
1595201760.883650 16462 (squid) 2630 631 64102400 5617
1595201761.399260 16462 (squid) 2672 640 64102400 5617
1595201761.916066 16462 (squid) 2710 652 64102400 5617
1595201762.431915 16462 (squid) 2752 661 64102400 5617
1595201762.947850 16462 (squid) 2794 671 64102400 5617
1595201763.464032 16462 (squid) 2836 681 64102400 5617
1595201763.980640 16462 (squid) 2878 691 64102400 5617
1595201764.496344 16462 (squid) 2913 707 64102400 5617
1595201765.011971 16462 (squid) 2958 714 64102400 5617
1595201765.527609 16462 (squid) 3000 723 64102400 5617
1595201766.044140 16462 (squid) 3043 731 64102400 5617
1595201766.560545 16462 (squid) 3083 743 64102400 5617
1595201767.077044 16462 (squid) 3123 754 64102400 5617
1595201767.600406 16462 (squid) 3147 760 64102400 5617
1595201768.123475 16462 (squid) 3147 760 64102400 5617
1595201768.646551 16462 (squid) 3147 760 64102400 5617
1595201769.169615 16462 (squid) 3147 760 64102400 5617
1595201769.692824 16462 (squid) 3147 760 64102400 5617
1595201770.216618 16462 (squid) 3147 760 64102400 5617
1595201770.739817 16462 (squid) 3147 760 64102400 5617
1595201771.262873 16462 (squid) 3147 760 64102400 5617
1595201771.786599 16462 (squid) 3147 760 64102400 5617
1595201772.309755 16462 (squid) 3147 760 64102400 5617
1595201772.832591 16462 (squid) 3147 760 64102400 5617
1595201773.355728 16462 (squid) 3147 760 64102400 5617
1595201773.878802 16462 (squid) 3147 760 64102400 5617
1595201774.401883 16462 (squid) 3147 760 64102400 5617
1595201774.924897 16462 (squid) 3147 760 64102400 5617
