1595201544.635318 15194 (squid) 2 3 62672896 5148
1595201545.158310 15194 (squid) 2 3 62672896 5148
1595201545.681312 15194 (squid) 2 3 62672896 5148
1595201546.204344 15194 (squid) 2 3 62672896 5148
1595201546.727356 15194 (squid) 2 3 62672896 5148
1595201547.250140 15194 (squid) 2 3 62672896 5148
1595201547.765935 15194 (squid) 13 6 64102400 5616
1595201548.281713 15194 (squid) 54 17 64102400 5616
1595201548.797370 15194 (squid) 91 30 64102400 5616
1595201549.313243 15194 (squid) 133 40 64102400 5616
1595201549.829072 15194 (squid) 174 51 64102400 5616
1595201550.345128 15194 (squid) 215 61 64102400 5616
1595201550.861781 15194 (squid) 255 72 64102400 5616
1595201551.377620 15194 (squid) 294 85 64102400 5616
1595201551.894355 15194 (squid) 333 97 64102400 5616
1595201552.410220 15194 (squid) 374 108 64102400 5616
1595201552.926128 15194 (squid) 418 115 64102400 5616
1595201553.441999 15194 (squid) 457 127 64102400 5616
1595201553.958291 15194 (squid) 499 138 64102400 5616
1595201554.475194 15194 (squid) 541 147 64102400 5616
1595201554.991900 15194 (squid) 583 157 64102400 5616
1595201555.507495 15194 (squid) 623 168 64102400 5616
1595201556.024298 15194 (squid) 664 179 64102400 5616
1595201556.540911 15194 (squid) 701 193 64102400 5616
1595201557.057552 15194 (squid) 741 205 64102400 5616
1595201557.574275 15194 (squid) 783 214 64102400 5616
1595201558.090121 15194 (squid) 826 223 64102400 5616
1595201558.606353 15194 (squid) 866 235 64102400 5616
1595201559.122172 15194 (squid) 905 248 64102400 5616
1595201559.637776 15194 (squid) 946 258 64102400 5616
1595201560.154417 15194 (squid) 984 272 64102400 5616
1595201560.670745 15194 (squid) 1026 281 64102400 5616
1595201561.186793 15194 (squid) 1068 290 64102400 5616
1595201561.702652 15194 (squid) 1106 303 64102400 5616
1595201562.218591 15194 (squid) 1143 318 64102400 5616
1595201562.734509 15194 (squid) 1183 329 64102400 5616
1595201563.250392 15194 (squid) 1225 339 64102400 5616
1595201563.766168 15194 (squid) 1266 350 64102400 5616
1595201564.282040 15194 (squid) 1305 362 64102400 5616
1595201564.797967 15194 (squid) 1346 373 64102400 5616
1595201565.313791 15194 (squid) 1386 385 64102400 5616
1595201565.829769 15194 (squid) 1424 396 64102400 5616
1595201566.345608 15194 (squid) 1460 412 64102400 5616
1595201566.861555 15194 (squid) 1503 420 64102400 5616
1595201567.377349 15194 (squid) 1545 430 64102400 5616
1595201567.893187 15194 (squid) 1583 444 64102400 5616
1595201568.409017 15194 (squid) 1625 452 64102400 5616
1595201568.924784 15194 (squid) 1668 461 64102400 5616
1595201569.440487 15194 (squid) 1710 471 64102400 5616
1595201569.956244 15194 (squid) 1751 482 64102400 5616
1595201570.472179 15194 (squid) 1794 490 64102400 5616
1595201570.988083 15194 (squid) 1833 502 64102400 5616
1595201571.503968 15194 (squid) 1874 513 64102400 5616
1595201572.019925 15194 (squid) 1917 522 64102400 5616
1595201572.535951 15194 (squid) 1957 533 64102400 5616
1595201573.051816 15194 (squid) 2000 542 64102400 5616
1595201573.567790 15194 (squid) 2041 552 64102400 5616
1595201574.083777 15194 (squid) 2084 561 64102400 5616
1595201574.599580 15194 (squid) 2125 572 64102400 5616
1595201575.115442 15194 (squid) 2166 583 64102400 5616
1595201575.631226 15194 (squid) 2207 593 64102400 5616
1595201576.147003 15194 (squid) 2245 606 64102400 5616
1595201576.662795 15194 (squid) 2284 618 64102400 5616
1595201577.178386 15194 (squid) 2324 630 64102400 5616
1595201577.695299 15194 (squid) 2366 639 64102400 5616
1595201578.211782 15194 (squid) 2409 648 64102400 5616
1595201578.728555 15194 (squid) 2448 660 64102400 5616
1595201579.244890 15194 (squid) 2490 670 64102400 5616
1595201579.761696 15194 (squid) 2528 683 64102400 5616
1595201580.277853 15194 (squid) 2570 693 64102400 5616
1595201580.794507 15194 (squid) 2611 704 64102400 5616
1595201581.311093 15194 (squid) 2650 716 64102400 5616
1595201581.827450 15194 (squid) 2693 726 64102400 5616
1595201582.343450 15194 (squid) 2732 738 64102400 5616
1595201582.860000 15194 (squid) 2772 749 64102400 5616
1595201583.376613 15194 (squid) 2814 759 64102400 5616
1595201583.893167 15194 (squid) 2855 769 64102400 5616
1595201584.408952 15194 (squid) 2897 779 64102400 5616
1595201584.925569 15194 (squid) 2938 790 64102400 5616
1595201585.442097 15194 (squid) 2977 802 64102400 5616
1595201585.957884 15194 (squid) 3020 810 64102400 5616
1595201586.474500 15194 (squid) 3062 819 64102400 5616
1595201586.991195 15194 (squid) 3104 829 64102400 5616
1595201587.507519 15194 (squid) 3136 838 64102400 5616
1595201588.031239 15194 (squid) 3136 838 64102400 5616
1595201588.554561 15194 (squid) 3136 838 64102400 5616
1595201589.078021 15194 (squid) 3136 838 64102400 5616
1595201589.601046 15194 (squid) 3136 838 64102400 5616
1595201590.124179 15194 (squid) 3136 838 64102400 5616
1595201590.647345 15194 (squid) 3136 838 64102400 5616
1595201591.170229 15194 (squid) 3136 838 64102400 5616
1595201591.693178 15194 (squid) 3136 838 64102400 5616
1595201592.216332 15194 (squid) 3136 838 64102400 5616
1595201592.739232 15194 (squid) 3136 838 64102400 5616
1595201593.262266 15194 (squid) 3136 838 64102400 5616
1595201593.785235 15194 (squid) 3136 838 64102400 5616
1595201594.308260 15194 (squid) 3136 838 64102400 5616
