1595198862.496265 9136 (nfd) 1 0 223412224 7649
1595198863.019450 9136 (nfd) 1 0 223412224 7649
1595198863.542450 9136 (nfd) 1 0 223412224 7649
1595198864.065538 9136 (nfd) 1 0 223412224 7649
1595198864.588372 9136 (nfd) 1 0 223412224 7649
1595198865.111420 9136 (nfd) 1 0 223412224 7649
1595198865.665180 9136 (nfd) 2 0 223682560 7909
1595198866.189148 9136 (nfd) 2 0 223682560 7909
1595198866.712208 9136 (nfd) 3 0 223682560 7975
1595198867.269133 9136 (nfd) 5 1 223682560 7975
1595198867.793291 9136 (nfd) 8 2 223682560 7975
1595198868.346822 9136 (nfd) 10 4 223682560 7975
1595198868.900976 9136 (nfd) 13 5 223682560 7975
1595198869.424973 9136 (nfd) 16 6 223682560 7975
1595198869.948020 9136 (nfd) 18 8 223682560 7975
1595198870.501550 9136 (nfd) 20 10 223682560 7975
1595198871.055974 9136 (nfd) 23 11 223682560 7975
1595198871.579968 9136 (nfd) 25 13 223682560 7975
1595198872.102991 9136 (nfd) 27 15 223682560 7975
1595198872.626275 9136 (nfd) 30 17 223682560 7975
1595198873.149294 9136 (nfd) 32 19 223682560 7975
1595198873.702098 9136 (nfd) 36 21 223682560 7975
1595198874.226057 9136 (nfd) 40 21 223682560 7975
1595198874.749003 9136 (nfd) 43 23 223682560 7975
1595198875.305219 9136 (nfd) 45 26 223682560 7975
1595198875.828953 9136 (nfd) 49 28 223682560 7975
1595198876.352103 9136 (nfd) 51 31 223682560 7975
1595198876.875193 9136 (nfd) 55 32 223682560 7975
1595198877.430307 9136 (nfd) 59 32 223682560 7975
1595198877.953933 9136 (nfd) 61 35 223682560 7975
1595198878.477017 9136 (nfd) 64 36 223682560 7975
1595198879.000102 9136 (nfd) 67 38 223682560 7975
1595198879.523104 9136 (nfd) 70 40 223682560 7975
1595198880.046078 9136 (nfd) 73 41 223682560 7975
1595198880.569049 9136 (nfd) 76 44 223682560 7975
1595198881.092001 9136 (nfd) 79 45 223682560 7975
1595198881.614942 9136 (nfd) 81 47 223682560 7975
1595198882.138035 9136 (nfd) 84 48 223682560 7975
1595198882.661240 9136 (nfd) 88 50 223682560 7975
1595198883.185025 9136 (nfd) 89 52 223682560 7975
1595198883.708076 9136 (nfd) 93 53 223682560 7975
1595198884.230955 9136 (nfd) 95 55 223682560 7975
1595198884.788180 9136 (nfd) 98 56 223682560 7975
1595198885.311951 9136 (nfd) 100 59 223682560 7975
1595198885.834925 9136 (nfd) 102 62 223682560 7975
1595198886.390123 9136 (nfd) 104 64 223682560 7975
1595198886.913861 9136 (nfd) 108 65 223682560 7975
1595198887.436999 9136 (nfd) 110 68 223682560 7975
1595198887.959975 9136 (nfd) 113 70 223682560 7975
1595198888.482797 9136 (nfd) 116 72 223682560 7975
1595198889.005872 9136 (nfd) 119 74 223682560 7975
1595198889.528904 9136 (nfd) 122 75 223682560 7975
1595198890.051812 9136 (nfd) 124 78 223682560 7975
1595198890.575008 9136 (nfd) 127 80 223682560 7975
1595198891.098551 9136 (nfd) 129 82 223682560 7975
1595198891.621777 9136 (nfd) 134 82 223682560 7975
1595198892.175767 9136 (nfd) 137 84 223682560 7975
1595198892.699775 9136 (nfd) 138 87 223682560 7975
1595198893.222805 9136 (nfd) 142 89 223682560 7975
1595198893.745873 9136 (nfd) 145 90 223682560 7975
1595198894.268831 9136 (nfd) 147 92 223682560 7975
1595198894.825163 9136 (nfd) 151 94 223682560 7975
1595198895.380544 9136 (nfd) 153 96 223682560 7975
1595198895.904556 9136 (nfd) 155 99 223682560 7975
1595198896.427744 9136 (nfd) 159 100 223682560 7975
1595198896.950628 9136 (nfd) 162 102 223682560 7975
1595198897.473764 9136 (nfd) 165 104 223682560 7975
1595198898.030031 9136 (nfd) 168 105 223682560 7975
1595198898.585091 9136 (nfd) 171 108 223682560 7975
1595198899.108702 9136 (nfd) 173 110 223682560 7975
1595198899.664442 9136 (nfd) 176 112 223682560 7975
1595198900.188503 9136 (nfd) 179 114 223682560 7975
1595198900.711534 9136 (nfd) 181 116 223682560 7975
1595198901.234499 9136 (nfd) 184 118 223682560 7975
1595198901.757627 9136 (nfd) 188 119 223682560 7975
1595198902.280516 9136 (nfd) 191 121 223682560 7975
1595198902.803740 9136 (nfd) 194 122 223682560 7975
1595198903.326923 9136 (nfd) 197 124 223682560 7975
1595198903.850738 9136 (nfd) 200 126 223682560 7975
1595198904.373704 9136 (nfd) 205 126 223682560 7975
1595198904.896666 9136 (nfd) 207 129 223682560 7975
1595198905.419734 9136 (nfd) 210 130 223682560 7975
1595198905.943464 9136 (nfd) 212 132 223682560 7975
1595198906.466467 9136 (nfd) 214 135 223682560 7975
1595198906.989537 9136 (nfd) 216 137 223682560 7975
1595198907.513405 9136 (nfd) 220 138 223682560 7975
1595198908.036493 9136 (nfd) 222 141 223682560 7975
1595198908.559711 9136 (nfd) 223 141 223682560 7975
1595198909.082487 9136 (nfd) 223 141 223682560 7975
1595198909.605703 9136 (nfd) 223 141 223682560 7975
1595198910.129307 9136 (nfd) 223 141 223682560 7975
1595198910.652605 9136 (nfd) 224 141 223682560 7975
1595198911.175470 9136 (nfd) 224 141 223682560 7975
1595198911.698402 9136 (nfd) 224 141 223682560 7975
1595198912.221548 9136 (nfd) 224 141 223682560 7975
1595198912.744345 9136 (nfd) 224 141 223682560 7975
1595198913.267335 9136 (nfd) 224 141 223682560 7975
1595198913.790313 9136 (nfd) 224 141 223682560 7975
1595198914.313446 9136 (nfd) 224 141 223682560 7975
1595198914.836366 9136 (nfd) 224 141 223682560 7975
1595198915.359258 9136 (nfd) 224 141 223682560 7975
1595198915.882563 9136 (nfd) 224 141 223682560 7975
1595198916.399751 9136 (nfd) 224 141 223682560 7975
1595198916.923299 9136 (nfd) 224 141 223682560 7975
1595198917.446307 9136 (nfd) 224 141 223682560 7975
