1595199564.765332 11324 (nfd) 1 0 223412224 7702
1595199565.289128 11324 (nfd) 1 0 223412224 7702
1595199565.844439 11324 (nfd) 1 0 223412224 7702
1595199566.403121 11324 (nfd) 1 0 223412224 7702
1595199566.927091 11324 (nfd) 1 0 223412224 7702
1595199567.450108 11324 (nfd) 1 0 223412224 7702
1595199567.973256 11324 (nfd) 2 0 223674368 8065
1595199568.497142 11324 (nfd) 2 0 223674368 8065
1595199569.020370 11324 (nfd) 3 1 223674368 8065
1595199569.543137 11324 (nfd) 5 1 223674368 8065
1595199570.099102 11324 (nfd) 9 2 223674368 8065
1595199570.654274 11324 (nfd) 12 4 223674368 8065
1595199571.210180 11324 (nfd) 15 6 223674368 8065
1595199571.734131 11324 (nfd) 18 8 223674368 8065
1595199572.257381 11324 (nfd) 21 10 223674368 8065
1595199572.780616 11324 (nfd) 23 12 223674368 8065
1595199573.296219 11324 (nfd) 26 12 223674368 8065
1595199573.851250 11324 (nfd) 28 14 223674368 8065
1595199574.405993 11324 (nfd) 32 16 223674368 8065
1595199574.929341 11324 (nfd) 34 18 223674368 8065
1595199575.452548 11324 (nfd) 38 19 223674368 8065
1595199575.976164 11324 (nfd) 41 20 223674368 8065
1595199576.499599 11324 (nfd) 43 23 223674368 8065
1595199577.055187 11324 (nfd) 46 26 223674368 8065
1595199577.579296 11324 (nfd) 49 28 223674368 8065
1595199578.102506 11324 (nfd) 51 30 223674368 8065
1595199578.625404 11324 (nfd) 53 33 223674368 8065
1595199579.181277 11324 (nfd) 55 36 223674368 8065
1595199579.705349 11324 (nfd) 58 38 223674368 8065
1595199580.228622 11324 (nfd) 61 39 223674368 8065
1595199580.751557 11324 (nfd) 64 40 223674368 8065
1595199581.274582 11324 (nfd) 66 42 223674368 8065
1595199581.798414 11324 (nfd) 69 43 223674368 8065
1595199582.321656 11324 (nfd) 71 44 223674368 8065
1595199582.844649 11324 (nfd) 74 45 223674368 8065
1595199583.396570 11324 (nfd) 76 47 223674368 8065
1595199583.920550 11324 (nfd) 78 49 223674368 8065
1595199584.443748 11324 (nfd) 82 49 223674368 8065
1595199584.997854 11324 (nfd) 84 51 223674368 8065
1595199585.552736 11324 (nfd) 87 53 223674368 8065
1595199586.076714 11324 (nfd) 90 55 223674368 8065
1595199586.600601 11324 (nfd) 95 56 223674368 8065
1595199587.152916 11324 (nfd) 96 59 223674368 8065
1595199587.673320 11324 (nfd) 99 61 223674368 8065
1595199588.230045 11324 (nfd) 102 62 223674368 8065
1595199588.786048 11324 (nfd) 104 65 223674368 8065
1595199589.309957 11324 (nfd) 107 67 223674368 8065
1595199589.833113 11324 (nfd) 111 68 223674368 8065
1595199590.356950 11324 (nfd) 115 69 223674368 8065
1595199590.913878 11324 (nfd) 118 71 223674368 8065
1595199591.437937 11324 (nfd) 121 73 223674368 8065
1595199591.961058 11324 (nfd) 123 75 223674368 8065
1595199592.484097 11324 (nfd) 126 77 223674368 8065
1595199593.007865 11324 (nfd) 130 78 223674368 8065
1595199593.531115 11324 (nfd) 134 79 223674368 8065
1595199594.054900 11324 (nfd) 136 81 223674368 8065
1595199594.610488 11324 (nfd) 140 82 223674368 8065
1595199595.133901 11324 (nfd) 142 85 223674368 8065
1595199595.687954 11324 (nfd) 145 85 223674368 8065
1595199596.211886 11324 (nfd) 147 87 223674368 8065
1595199596.767406 11324 (nfd) 150 88 223674368 8065
1595199597.290992 11324 (nfd) 151 91 223674368 8065
1595199597.814186 11324 (nfd) 154 92 223674368 8065
1595199598.368208 11324 (nfd) 156 94 223674368 8065
1595199598.892184 11324 (nfd) 157 96 223674368 8065
1595199599.450381 11324 (nfd) 159 98 223674368 8065
1595199599.974215 11324 (nfd) 161 101 223674368 8065
1595199600.497137 11324 (nfd) 163 103 223674368 8065
1595199601.020183 11324 (nfd) 164 105 223674368 8065
1595199601.543208 11324 (nfd) 166 106 223674368 8065
1595199602.066010 11324 (nfd) 169 108 223674368 8065
1595199602.589177 11324 (nfd) 172 109 223674368 8065
1595199603.112219 11324 (nfd) 175 110 223674368 8065
1595199603.635200 11324 (nfd) 178 111 223674368 8065
1595199604.158136 11324 (nfd) 181 112 223674368 8065
1595199604.681299 11324 (nfd) 183 114 223674368 8065
1595199605.204237 11324 (nfd) 186 115 223674368 8065
1595199605.727258 11324 (nfd) 189 116 223674368 8065
1595199606.250315 11324 (nfd) 192 117 223674368 8065
1595199606.806258 11324 (nfd) 195 118 223674368 8065
1595199607.330150 11324 (nfd) 198 119 223674368 8065
1595199607.853382 11324 (nfd) 201 120 223674368 8065
1595199608.376276 11324 (nfd) 203 122 223674368 8065
1595199608.899273 11324 (nfd) 206 123 223674368 8065
1595199609.422269 11324 (nfd) 209 124 223674368 8065
1595199609.945388 11324 (nfd) 213 125 223674368 8065
1595199610.464750 11324 (nfd) 216 127 223674368 8065
1595199610.988199 11324 (nfd) 216 127 223674368 8065
1595199611.511230 11324 (nfd) 216 127 223674368 8065
1595199612.034368 11324 (nfd) 216 127 223674368 8065
1595199612.557310 11324 (nfd) 216 127 223674368 8065
1595199613.080324 11324 (nfd) 216 127 223674368 8065
1595199613.603323 11324 (nfd) 216 127 223674368 8065
1595199614.126308 11324 (nfd) 216 127 223674368 8065
1595199614.649312 11324 (nfd) 216 127 223674368 8065
1595199615.172612 11324 (nfd) 216 127 223674368 8065
1595199615.695663 11324 (nfd) 216 127 223674368 8065
1595199616.218478 11324 (nfd) 216 127 223674368 8065
1595199616.741625 11324 (nfd) 216 127 223674368 8065
1595199617.264558 11324 (nfd) 216 127 223674368 8065
1595199617.787625 11324 (nfd) 216 127 223674368 8065
1595199618.310514 11324 (nfd) 216 127 223674368 8065
1595199618.833511 11324 (nfd) 216 127 223674368 8065
1595199619.356540 11324 (nfd) 216 127 223674368 8065
