1595199034.700157 10521 (nfd) 2 0 223412224 3752
1595199035.223126 10521 (nfd) 2 0 223412224 3752
1595199035.746319 10521 (nfd) 2 0 223412224 3752
1595199036.270109 10521 (nfd) 2 0 223412224 3752
1595199036.793106 10521 (nfd) 2 0 223412224 3752
1595199037.316285 10521 (nfd) 2 0 223412224 3752
1595199037.840088 10521 (nfd) 2 0 223682560 7930
1595199038.363061 10521 (nfd) 2 0 223682560 7930
1595199038.886223 10521 (nfd) 3 0 223682560 7930
1595199039.409212 10521 (nfd) 5 1 223682560 7930
1595199039.932051 10521 (nfd) 8 2 223682560 7996
1595199040.455231 10521 (nfd) 10 3 223682560 7996
1595199040.978373 10521 (nfd) 12 5 223682560 7996
1595199041.502265 10521 (nfd) 16 5 223682560 7996
1595199042.057608 10521 (nfd) 18 7 223682560 7996
1595199042.581261 10521 (nfd) 21 8 223682560 7996
1595199043.104120 10521 (nfd) 22 10 223682560 7996
1595199043.627297 10521 (nfd) 26 11 223682560 7996
1595199044.150162 10521 (nfd) 28 13 223682560 7996
1595199044.673277 10521 (nfd) 30 14 223682560 7996
1595199045.196814 10521 (nfd) 34 14 223682560 7996
1595199045.720069 10521 (nfd) 37 15 223682560 7996
1595199046.274632 10521 (nfd) 40 16 223682560 7996
1595199046.798142 10521 (nfd) 43 18 223682560 7996
1595199047.321137 10521 (nfd) 44 20 223682560 7996
1595199047.844182 10521 (nfd) 45 23 223682560 7996
1595199048.367240 10521 (nfd) 48 24 223682560 7996
1595199048.890284 10521 (nfd) 50 25 223682560 7996
1595199049.441538 10521 (nfd) 51 28 223682560 7996
1595199049.965080 10521 (nfd) 54 29 223682560 7996
1595199050.488360 10521 (nfd) 56 31 223682560 7996
1595199051.011976 10521 (nfd) 60 32 223682560 7996
1595199051.568796 10521 (nfd) 63 33 223682560 7996
1595199052.092157 10521 (nfd) 65 34 223682560 7996
1595199052.649179 10521 (nfd) 68 36 223682560 7996
1595199053.173107 10521 (nfd) 71 38 223682560 7996
1595199053.696219 10521 (nfd) 74 39 223682560 7996
1595199054.219457 10521 (nfd) 76 40 223682560 7996
1595199054.743097 10521 (nfd) 80 41 223682560 7996
1595199055.266213 10521 (nfd) 83 42 223682560 7996
1595199055.820021 10521 (nfd) 87 43 223682560 7996
1595199056.374065 10521 (nfd) 89 44 223682560 7996
1595199056.929793 10521 (nfd) 93 45 223682560 7996
1595199057.484810 10521 (nfd) 94 47 223682560 7996
1595199058.008244 10521 (nfd) 97 48 223682560 7996
1595199058.555279 10521 (nfd) 100 50 223682560 7996
1595199059.079144 10521 (nfd) 103 50 223682560 7996
1595199059.602127 10521 (nfd) 106 51 223682560 7996
1595199060.125664 10521 (nfd) 108 53 223682560 7996
1595199060.683168 10521 (nfd) 111 54 223682560 7996
1595199061.207308 10521 (nfd) 111 58 223682560 7996
1595199061.730252 10521 (nfd) 113 60 223682560 7996
1595199062.285342 10521 (nfd) 115 62 223682560 7996
1595199062.809019 10521 (nfd) 118 64 223682560 7996
1595199063.332363 10521 (nfd) 120 65 223682560 7996
1595199063.855428 10521 (nfd) 123 66 223682560 7996
1595199064.412856 10521 (nfd) 125 67 223682560 7996
1595199064.937184 10521 (nfd) 127 70 223682560 7996
1595199065.460337 10521 (nfd) 130 71 223682560 7996
1595199065.983273 10521 (nfd) 133 73 223682560 7996
1595199066.505883 10521 (nfd) 136 75 223682560 7996
1595199067.062364 10521 (nfd) 139 76 223682560 7996
1595199067.586321 10521 (nfd) 143 77 223682560 7996
1595199068.109162 10521 (nfd) 146 79 223682560 7996
1595199068.632480 10521 (nfd) 150 81 223682560 7996
1595199069.155402 10521 (nfd) 154 81 223682560 7996
1595199069.678262 10521 (nfd) 157 82 223682560 7996
1595199070.201430 10521 (nfd) 159 83 223682560 7996
1595199070.755514 10521 (nfd) 162 84 223682560 7996
1595199071.310203 10521 (nfd) 165 86 223682560 7996
1595199071.834448 10521 (nfd) 166 88 223682560 7996
1595199072.358318 10521 (nfd) 169 90 223682560 7996
1595199072.910607 10521 (nfd) 171 92 223682560 7996
1595199073.468982 10521 (nfd) 174 93 223682560 7996
1595199074.011597 10521 (nfd) 179 93 223682560 7996
1595199074.565888 10521 (nfd) 182 93 223682560 7996
1595199075.089482 10521 (nfd) 186 94 223682560 7996
1595199075.612558 10521 (nfd) 189 95 223682560 7996
1595199076.136247 10521 (nfd) 190 97 223682560 7996
1595199076.659892 10521 (nfd) 192 99 223682560 7996
1595199077.183711 10521 (nfd) 195 100 223682560 7996
1595199077.707204 10521 (nfd) 197 101 223682560 7996
1595199078.230344 10521 (nfd) 199 103 223682560 7996
1595199078.753592 10521 (nfd) 202 104 223682560 7996
1595199079.276479 10521 (nfd) 205 105 223682560 7996
1595199079.830028 10521 (nfd) 207 107 223682560 7996
1595199080.387821 10521 (nfd) 208 110 223682560 7996
1595199080.911410 10521 (nfd) 209 110 223682560 7996
1595199081.434606 10521 (nfd) 209 110 223682560 7996
1595199081.957465 10521 (nfd) 209 110 223682560 7996
1595199082.480303 10521 (nfd) 209 110 223682560 7996
1595199083.003434 10521 (nfd) 209 110 223682560 7996
1595199083.526497 10521 (nfd) 209 110 223682560 7996
1595199084.049530 10521 (nfd) 209 110 223682560 7996
1595199084.572378 10521 (nfd) 209 110 223682560 7996
1595199085.095495 10521 (nfd) 209 110 223682560 7996
1595199085.618443 10521 (nfd) 209 110 223682560 7996
1595199086.141515 10521 (nfd) 209 110 223682560 7996
1595199086.664469 10521 (nfd) 209 110 223682560 7996
1595199087.187516 10521 (nfd) 209 110 223682560 7996
1595199087.710388 10521 (nfd) 209 110 223682560 7996
1595199088.233539 10521 (nfd) 209 110 223682560 7996
1595199088.788831 10521 (nfd) 209 110 223682560 7996
1595199089.312405 10521 (nfd) 209 110 223682560 7996
