1595117480.321887 10112 (nfd) 2 0 223412224 7671
1595117480.845566 10112 (nfd) 2 0 223412224 7671
1595117481.369157 10112 (nfd) 2 0 223412224 7671
1595117481.892293 10112 (nfd) 2 0 223412224 7671
1595117482.413545 10112 (nfd) 2 0 223412224 7671
1595117482.936469 10112 (nfd) 2 0 223412224 7671
1595117483.460089 10112 (nfd) 2 0 223674368 8015
1595117483.983385 10112 (nfd) 2 0 223674368 8015
1595117484.537192 10112 (nfd) 4 3 223674368 8015
1595117485.092503 10112 (nfd) 12 10 223674368 8015
1595117485.645719 10112 (nfd) 21 18 223674368 8015
1595117486.201360 10112 (nfd) 29 27 223674368 8015
1595117486.756994 10112 (nfd) 42 35 223674368 8015
1595117487.311774 10112 (nfd) 51 46 223674368 8015
1595117487.866336 10112 (nfd) 60 53 223674368 8015
1595117488.421659 10112 (nfd) 70 62 223674368 8015
1595117488.946433 10112 (nfd) 81 68 223674368 8015
1595117489.502858 10112 (nfd) 92 72 223674368 8015
1595117490.057082 10112 (nfd) 102 79 223674368 8015
1595117490.580451 10112 (nfd) 113 84 223674368 8015
1595117491.130193 10112 (nfd) 120 94 223674368 8015
1595117491.653557 10112 (nfd) 130 103 223674368 8015
1595117492.177372 10112 (nfd) 141 111 223674368 8015
1595117492.732218 10112 (nfd) 153 120 223674368 8015
1595117493.255649 10112 (nfd) 164 130 223674368 8015
1595117493.805586 10112 (nfd) 177 138 223674368 8015
1595117494.357821 10112 (nfd) 188 144 223674368 8015
1595117494.912388 10112 (nfd) 199 153 223674368 8015
1595117495.465738 10112 (nfd) 211 160 223674368 8015
1595117496.022025 10112 (nfd) 220 168 223674368 8015
1595117496.577099 10112 (nfd) 232 176 223674368 8015
1595117497.132384 10112 (nfd) 244 185 223674368 8015
1595117497.687253 10112 (nfd) 257 195 223674368 8015
1595117498.242408 10112 (nfd) 270 201 223674368 8015
1595117498.791442 10112 (nfd) 282 211 223674368 8015
1595117499.346906 10112 (nfd) 291 222 223674368 8015
1595117499.902056 10112 (nfd) 304 228 223674368 8015
1595117500.457223 10112 (nfd) 314 236 223674368 8015
1595117501.012451 10112 (nfd) 326 241 223674368 8015
1595117501.536762 10112 (nfd) 337 248 223674368 8015
1595117502.090783 10112 (nfd) 348 254 223674368 8015
1595117502.646912 10112 (nfd) 358 260 223674368 8015
1595117503.202246 10112 (nfd) 370 267 223674368 8015
1595117503.754941 10112 (nfd) 383 274 223674368 8015
1595117504.311588 10112 (nfd) 393 279 223674368 8015
1595117504.867021 10112 (nfd) 404 284 223674368 8015
1595117505.422434 10112 (nfd) 416 289 223674368 8015
1595117505.977572 10112 (nfd) 424 295 223674368 8015
1595117506.532221 10112 (nfd) 432 302 223674368 8015
1595117507.087493 10112 (nfd) 439 310 223674368 8015
1595117507.642700 10112 (nfd) 449 317 223674368 8015
1595117508.192234 10112 (nfd) 456 326 223674368 8015
1595117508.747286 10112 (nfd) 469 335 223674368 8015
1595117509.267943 10112 (nfd) 481 344 223674368 8015
1595117509.791781 10112 (nfd) 494 349 223674368 8015
1595117510.314905 10112 (nfd) 501 358 223674368 8015
1595117510.867679 10112 (nfd) 508 366 223674368 8015
1595117511.416568 10112 (nfd) 519 372 223674368 8015
1595117511.968498 10112 (nfd) 528 379 223674368 8015
1595117512.522858 10112 (nfd) 538 386 223674368 8015
1595117513.046865 10112 (nfd) 547 399 223674368 8015
1595117513.597101 10112 (nfd) 557 407 223674368 8015
1595117514.152712 10112 (nfd) 572 415 223674368 8015
1595117514.704225 10112 (nfd) 583 425 223674368 8015
1595117515.257762 10112 (nfd) 592 433 223674368 8015
1595117515.812458 10112 (nfd) 605 439 223674368 8015
1595117516.367360 10112 (nfd) 616 445 223674368 8015
1595117516.922402 10112 (nfd) 628 450 223674368 8015
1595117517.477589 10112 (nfd) 639 455 223674368 8015
1595117518.001286 10112 (nfd) 651 460 223674368 8015
1595117518.553430 10112 (nfd) 660 469 223674368 8015
1595117519.106516 10112 (nfd) 670 476 223674368 8015
1595117519.662544 10112 (nfd) 683 486 223674368 8015
1595117520.219591 10112 (nfd) 693 494 223674368 8015
1595117520.744022 10112 (nfd) 702 501 223674368 8015
1595117521.298191 10112 (nfd) 714 508 223674368 8015
1595117521.853131 10112 (nfd) 724 515 223674368 8015
1595117522.407794 10112 (nfd) 736 520 223674368 8015
1595117522.931230 10112 (nfd) 737 521 223674368 8015
1595117523.454093 10112 (nfd) 737 521 223674368 8015
1595117523.977144 10112 (nfd) 737 521 223674368 8015
1595117524.500376 10112 (nfd) 737 521 223674368 8015
1595117525.023303 10112 (nfd) 737 521 223674368 8015
1595117525.546219 10112 (nfd) 737 521 223674368 8015
1595117526.069195 10112 (nfd) 737 521 223674368 8015
1595117526.592256 10112 (nfd) 737 521 223674368 8015
1595117527.115376 10112 (nfd) 737 521 223674368 8015
1595117527.638315 10112 (nfd) 737 521 223674368 8015
1595117528.161392 10112 (nfd) 737 521 223674368 8015
1595117528.684287 10112 (nfd) 737 521 223674368 8015
1595117529.207411 10112 (nfd) 737 521 223674368 8015
1595117529.730382 10112 (nfd) 737 521 223674368 8015
1595117530.253389 10112 (nfd) 737 521 223674368 8015
1595117530.776279 10112 (nfd) 737 521 223674368 8015
1595117531.299418 10112 (nfd) 737 521 223674368 8015
1595117531.822342 10112 (nfd) 737 521 223674368 8015
1595117532.345538 10112 (nfd) 737 521 223674368 8015
1595117532.868511 10112 (nfd) 737 521 223674368 8015
1595117533.391348 10112 (nfd) 737 521 223674368 8015
1595117533.914513 10112 (nfd) 737 521 223674368 8015
1595117534.437561 10112 (nfd) 737 521 223674368 8015
1595117534.960637 10112 (nfd) 737 521 223674368 8015
