1595197930.934537 4738 (nfd) 1 0 223412224 7640
1595197931.457392 4738 (nfd) 1 0 223412224 7640
1595197931.980621 4738 (nfd) 1 0 223412224 7640
1595197932.503425 4738 (nfd) 1 0 223412224 7640
1595197933.026542 4738 (nfd) 1 0 223412224 7640
1595197933.549489 4738 (nfd) 1 0 223412224 7640
1595197934.072534 4738 (nfd) 2 0 223682560 7900
1595197934.595546 4738 (nfd) 2 0 223682560 7900
1595197935.149264 4738 (nfd) 4 3 223682560 7966
1595197935.704520 4738 (nfd) 12 11 223682560 7966
1595197936.259821 4738 (nfd) 22 14 223682560 7966
1595197936.783681 4738 (nfd) 32 20 223682560 7966
1595197937.335739 4738 (nfd) 43 26 223682560 7966
1595197937.887375 4738 (nfd) 56 30 223682560 7966
1595197938.440366 4738 (nfd) 69 36 223682560 7966
1595197938.993270 4738 (nfd) 83 44 223682560 7966
1595197939.517083 4738 (nfd) 96 52 223682560 7966
1595197940.069907 4738 (nfd) 105 58 223682560 7966
1595197940.622640 4738 (nfd) 116 65 223682560 7966
1595197941.175189 4738 (nfd) 125 72 223682560 7966
1595197941.699283 4738 (nfd) 135 81 223682560 7966
1595197942.252403 4738 (nfd) 145 88 223682560 7966
1595197942.805309 4738 (nfd) 154 95 223682560 7966
1595197943.359796 4738 (nfd) 164 103 223682560 7966
1595197943.914956 4738 (nfd) 176 110 223682560 7966
1595197944.464359 4738 (nfd) 186 122 223682560 7966
1595197945.017242 4738 (nfd) 195 132 223682560 7966
1595197945.541405 4738 (nfd) 203 139 223682560 7966
1595197946.095051 4738 (nfd) 211 147 223682560 7966
1595197946.650009 4738 (nfd) 222 151 223682560 7966
1595197947.204865 4738 (nfd) 230 161 223682560 7966
1595197947.728582 4738 (nfd) 237 172 223682560 7966
1595197948.284493 4738 (nfd) 245 178 223682560 7966
1595197948.839762 4738 (nfd) 255 185 223682560 7966
1595197949.394875 4738 (nfd) 265 195 223682560 7966
1595197949.949907 4738 (nfd) 277 204 223682560 7966
1595197950.503892 4738 (nfd) 289 212 223682560 7966
1595197951.059717 4738 (nfd) 297 222 223682560 7966
1595197951.614891 4738 (nfd) 307 230 223682560 7966
1595197952.169265 4738 (nfd) 319 235 223682560 7966
1595197952.725380 4738 (nfd) 330 240 223682560 7966
1595197953.279407 4738 (nfd) 340 246 223682560 7966
1595197953.834976 4738 (nfd) 348 252 223682560 7966
1595197954.390495 4738 (nfd) 359 263 223682560 7966
1595197954.945441 4738 (nfd) 374 269 223682560 7966
1595197955.499158 4738 (nfd) 383 275 223682560 7966
1595197956.051533 4738 (nfd) 391 280 223682560 7966
1595197956.604877 4738 (nfd) 400 287 223682560 7966
1595197957.128300 4738 (nfd) 415 293 223682560 7966
1595197957.681156 4738 (nfd) 427 299 223682560 7966
1595197958.205337 4738 (nfd) 442 306 223682560 7966
1595197958.730090 4738 (nfd) 451 317 223682560 7966
1595197959.281752 4738 (nfd) 462 325 223682560 7966
1595197959.836367 4738 (nfd) 474 333 223682560 7966
1595197960.390964 4738 (nfd) 482 341 223682560 7966
1595197960.945549 4738 (nfd) 491 348 223682560 7966
1595197961.468783 4738 (nfd) 498 355 223682560 7966
1595197962.021292 4738 (nfd) 508 363 223682560 7966
1595197962.545104 4738 (nfd) 519 373 223682560 7966
1595197963.099189 4738 (nfd) 532 379 223682560 7966
1595197963.629826 4738 (nfd) 543 387 223682560 7966
1595197964.185405 4738 (nfd) 552 398 223682560 7966
1595197964.735687 4738 (nfd) 565 404 223682560 7966
1595197965.282083 4738 (nfd) 577 413 223682560 7966
1595197965.834349 4738 (nfd) 592 420 223682560 7966
1595197966.357953 4738 (nfd) 599 427 223682560 7966
1595197966.909645 4738 (nfd) 608 435 223682560 7966
1595197967.464868 4738 (nfd) 619 443 223682560 7966
1595197968.019917 4738 (nfd) 629 451 223682560 7966
1595197968.544532 4738 (nfd) 641 459 223682560 7966
1595197969.101717 4738 (nfd) 650 466 223682560 7966
1595197969.655203 4738 (nfd) 660 473 223682560 7966
1595197970.171346 4738 (nfd) 668 480 223682560 7966
1595197970.687201 4738 (nfd) 672 482 223682560 7966
1595197971.203381 4738 (nfd) 675 485 223682560 7966
1595197971.719285 4738 (nfd) 679 487 223682560 7966
1595197972.235784 4738 (nfd) 682 489 223682560 7966
1595197972.751674 4738 (nfd) 684 494 223682560 7966
1595197973.267428 4738 (nfd) 685 496 223682560 7966
1595197973.782999 4738 (nfd) 685 496 223682560 7966
1595197974.298492 4738 (nfd) 685 496 223682560 7966
1595197974.814292 4738 (nfd) 685 496 223682560 7966
1595197975.329990 4738 (nfd) 685 496 223682560 7966
1595197975.845713 4738 (nfd) 685 496 223682560 7966
1595197976.362699 4738 (nfd) 685 496 223682560 7966
1595197976.878692 4738 (nfd) 685 496 223682560 7966
1595197977.394507 4738 (nfd) 685 496 223682560 7966
1595197977.910535 4738 (nfd) 685 496 223682560 7966
1595197978.426455 4738 (nfd) 685 496 223682560 7966
1595197978.942199 4738 (nfd) 685 496 223682560 7966
1595197979.457911 4738 (nfd) 685 496 223682560 7966
1595197979.973485 4738 (nfd) 685 496 223682560 7966
1595197980.489015 4738 (nfd) 685 496 223682560 7966
1595197981.004774 4738 (nfd) 685 496 223682560 7966
1595197981.520424 4738 (nfd) 685 496 223682560 7966
1595197982.036195 4738 (nfd) 685 496 223682560 7966
1595197982.551982 4738 (nfd) 685 496 223682560 7966
1595197983.067990 4738 (nfd) 685 496 223682560 7966
1595197983.583702 4738 (nfd) 685 496 223682560 7966
1595197984.099564 4738 (nfd) 685 496 223682560 7966
1595197984.615220 4738 (nfd) 685 496 223682560 7966
1595197985.130915 4738 (nfd) 685 496 223682560 7966
1595197985.646666 4738 (nfd) 685 496 223682560 7966
