1595202313.167272 29142 (squid) 1 1 62672896 5200
1595202313.690410 29142 (squid) 1 1 62672896 5200
1595202314.213393 29142 (squid) 1 1 62672896 5200
1595202314.736365 29142 (squid) 1 1 62672896 5200
1595202315.259419 29142 (squid) 1 1 62672896 5200
1595202315.782372 29142 (squid) 1 1 62672896 5200
1595202316.298404 29142 (squid) 3 3 64249856 5670
1595202316.817028 29142 (squid) 15 8 64233472 5666
1595202317.333045 29142 (squid) 31 9 64233472 5680
1595202317.849016 29142 (squid) 45 12 64233472 5666
1595202318.365030 29142 (squid) 57 17 64233472 5666
1595202318.880870 29142 (squid) 69 22 64233472 5666
1595202319.396771 29142 (squid) 82 26 64233472 5680
1595202319.912598 29142 (squid) 95 29 64233472 5666
1595202320.428803 29142 (squid) 107 34 64364544 5664
1595202320.945066 29142 (squid) 120 38 64167936 5664
1595202321.460991 29142 (squid) 131 43 64233472 5666
1595202321.976826 29142 (squid) 142 50 64233472 5666
1595202322.492902 29142 (squid) 155 54 64233472 5666
1595202323.008753 29142 (squid) 167 58 64233472 5666
1595202323.524615 29142 (squid) 181 60 64233472 5666
1595202324.040455 29142 (squid) 192 66 64233472 5680
1595202324.556280 29142 (squid) 203 72 64233472 5666
1595202325.072154 29142 (squid) 215 77 64233472 5666
1595202325.587942 29142 (squid) 227 81 64167936 5664
1595202326.104659 29142 (squid) 240 85 64233472 5666
1595202326.620955 29142 (squid) 252 90 64233472 5666
1595202327.139723 29142 (squid) 264 95 64233472 5680
1595202327.655874 29142 (squid) 278 98 64233472 5680
1595202328.171917 29142 (squid) 290 103 64233472 5666
1595202328.690392 29142 (squid) 302 108 64233472 5680
1595202329.206806 29142 (squid) 314 112 64233472 5666
1595202329.722663 29142 (squid) 327 117 64233472 5666
1595202330.238685 29142 (squid) 340 121 64233472 5680
1595202330.754291 29142 (squid) 354 123 64233472 5680
1595202331.269935 29142 (squid) 368 126 64233472 5666
1595202331.788567 29142 (squid) 379 132 64299008 5666
1595202332.307498 29142 (squid) 389 139 64233472 5666
1595202332.823444 29142 (squid) 402 143 64233472 5680
1595202333.339272 29142 (squid) 414 148 64233472 5666
1595202333.854934 29142 (squid) 426 152 64233472 5666
1595202334.373930 29142 (squid) 437 158 64233472 5666
1595202334.889998 29142 (squid) 450 162 64233472 5666
1595202335.405785 29142 (squid) 463 166 64233472 5666
1595202335.924626 29142 (squid) 476 170 64233472 5680
1595202336.443637 29142 (squid) 489 174 64233472 5666
1595202336.962637 29142 (squid) 502 178 64233472 5666
1595202337.478844 29142 (squid) 513 184 64233472 5680
1595202337.994605 29142 (squid) 526 188 64167936 5664
1595202338.510411 29142 (squid) 539 193 64233472 5666
1595202339.026374 29142 (squid) 550 199 64233472 5680
1595202339.542451 29142 (squid) 564 203 64233472 5666
1595202340.058341 29142 (squid) 578 205 64233472 5666
1595202340.574363 29142 (squid) 590 210 64233472 5666
1595202341.089949 29142 (squid) 603 214 64233472 5666
1595202341.605801 29142 (squid) 615 219 64233472 5666
1595202342.122480 29142 (squid) 626 225 64233472 5666
1595202342.638569 29142 (squid) 639 229 64233472 5666
1595202343.154231 29142 (squid) 651 233 64233472 5666
1595202343.670462 29142 (squid) 664 237 64233472 5680
1595202344.189155 29142 (squid) 679 239 64233472 5666
1595202344.705744 29142 (squid) 690 245 64167936 5664
1595202345.224387 29142 (squid) 702 250 64233472 5666
1595202345.740262 29142 (squid) 714 256 64233472 5666
1595202346.259056 29142 (squid) 727 260 64233472 5666
1595202346.777883 29142 (squid) 740 264 64233472 5680
1595202347.293836 29142 (squid) 753 269 64167936 5664
1595202347.809627 29142 (squid) 765 273 64233472 5666
1595202348.325329 29142 (squid) 779 275 64364544 5664
1595202348.841166 29142 (squid) 793 278 64233472 5666
1595202349.357148 29142 (squid) 804 284 64233472 5666
1595202349.872960 29142 (squid) 816 289 64233472 5680
1595202350.388814 29142 (squid) 830 292 64233472 5680
1595202350.904763 29142 (squid) 842 296 64233472 5666
1595202351.420642 29142 (squid) 855 301 64233472 5680
1595202351.937399 29142 (squid) 868 305 64233472 5680
1595202352.453271 29142 (squid) 881 309 64233472 5680
1595202352.969380 29142 (squid) 892 313 64233472 5666
1595202353.485505 29142 (squid) 905 316 64167936 5664
1595202354.001188 29142 (squid) 918 319 64233472 5680
1595202354.516865 29142 (squid) 930 323 64233472 5666
1595202355.033073 29142 (squid) 941 327 64233472 5666
1595202355.549109 29142 (squid) 952 333 64233472 5680
1595202356.065144 29142 (squid) 962 339 64167936 5664
1595202356.581160 29142 (squid) 975 343 64233472 5666
1595202357.097032 29142 (squid) 986 348 64233472 5680
1595202357.615737 29142 (squid) 999 352 64299008 5666
1595202358.131512 29142 (squid) 1012 356 64233472 5666
1595202358.687597 29142 (squid) 1023 360 64102400 5648
1595202359.211388 29142 (squid) 1023 360 64102400 5648
1595202359.734468 29142 (squid) 1023 360 64102400 5648
1595202360.257567 29142 (squid) 1023 360 64102400 5648
1595202360.780322 29142 (squid) 1023 360 64102400 5648
1595202361.303311 29142 (squid) 1023 360 64102400 5648
1595202361.826434 29142 (squid) 1023 360 64102400 5648
1595202362.349527 29142 (squid) 1023 360 64102400 5648
1595202362.872463 29142 (squid) 1023 360 64102400 5648
1595202363.395405 29142 (squid) 1023 360 64102400 5648
1595202363.918384 29142 (squid) 1023 360 64102400 5648
1595202364.441448 29142 (squid) 1023 360 64102400 5648
1595202364.964544 29142 (squid) 1023 360 64102400 5648
1595202365.487468 29142 (squid) 1023 360 64102400 5648
1595202366.010396 29142 (squid) 1023 360 64102400 5648
1595202366.533378 29142 (squid) 1023 360 64102400 5648
1595202367.056417 29142 (squid) 1023 360 64102400 5648
1595202367.579354 29142 (squid) 1023 360 64102400 5648
1595202368.102349 29142 (squid) 1023 360 64102400 5648
