1595197845.649544 4065 (nfd) 1 0 223412224 7660
1595197846.172901 4065 (nfd) 1 0 223412224 7660
1595197846.696000 4065 (nfd) 1 0 223412224 7660
1595197847.218793 4065 (nfd) 1 0 223412224 7660
1595197847.741883 4065 (nfd) 1 0 223412224 7660
1595197848.264849 4065 (nfd) 1 0 223412224 7660
1595197848.787756 4065 (nfd) 2 0 223682560 8018
1595197849.310586 4065 (nfd) 2 0 223682560 8018
1595197849.866173 4065 (nfd) 5 3 223682560 8018
1595197850.421032 4065 (nfd) 15 8 223682560 8018
1595197850.976350 4065 (nfd) 25 14 223682560 8018
1595197851.531451 4065 (nfd) 35 19 223682560 8018
1595197852.086509 4065 (nfd) 43 26 223682560 8018
1595197852.641243 4065 (nfd) 50 35 223682560 8018
1595197853.196204 4065 (nfd) 61 41 223682560 8018
1595197853.751273 4065 (nfd) 72 48 223682560 8018
1595197854.304785 4065 (nfd) 85 52 223682560 8018
1595197854.828471 4065 (nfd) 96 57 223682560 8018
1595197855.351435 4065 (nfd) 104 67 223682560 8018
1595197855.908701 4065 (nfd) 113 74 223682560 8018
1595197856.459614 4065 (nfd) 121 82 223682560 8018
1595197857.017505 4065 (nfd) 131 89 223682560 8018
1595197857.571875 4065 (nfd) 141 94 223682560 8018
1595197858.126379 4065 (nfd) 152 103 223682560 8018
1595197858.681248 4065 (nfd) 162 113 223682560 8018
1595197859.205470 4065 (nfd) 175 119 223682560 8018
1595197859.729391 4065 (nfd) 187 126 223682560 8018
1595197860.281780 4065 (nfd) 200 132 223682560 8018
1595197860.835949 4065 (nfd) 211 139 223682560 8018
1595197861.359473 4065 (nfd) 223 146 223682560 8018
1595197861.913831 4065 (nfd) 233 152 223682560 8018
1595197862.437551 4065 (nfd) 249 158 223682560 8018
1595197862.991020 4065 (nfd) 260 164 223682560 8018
1595197863.545756 4065 (nfd) 270 172 223682560 8018
1595197864.094975 4065 (nfd) 280 181 223682560 8018
1595197864.650605 4065 (nfd) 290 187 223682560 8018
1595197865.202027 4065 (nfd) 299 195 223682560 8018
1595197865.757737 4065 (nfd) 310 201 223682560 8018
1595197866.311346 4065 (nfd) 316 211 223682560 8018
1595197866.868498 4065 (nfd) 325 219 223682560 8018
1595197867.389408 4065 (nfd) 335 226 223682560 8018
1595197867.941995 4065 (nfd) 342 237 223682560 8018
1595197868.495958 4065 (nfd) 354 247 223682560 8018
1595197869.050834 4065 (nfd) 364 258 223682560 8018
1595197869.605694 4065 (nfd) 377 264 223682560 8018
1595197870.129533 4065 (nfd) 390 273 223682560 8018
1595197870.653297 4065 (nfd) 400 278 223682560 8018
1595197871.206281 4065 (nfd) 410 285 223682560 8018
1595197871.729740 4065 (nfd) 419 294 223682560 8018
1595197872.282160 4065 (nfd) 428 306 223682560 8018
1595197872.836321 4065 (nfd) 440 312 223682560 8018
1595197873.360419 4065 (nfd) 454 316 223682560 8018
1595197873.915681 4065 (nfd) 464 323 223682560 8018
1595197874.470896 4065 (nfd) 476 332 223682560 8018
1595197875.025796 4065 (nfd) 495 336 223682560 8018
1595197875.581298 4065 (nfd) 510 344 223682560 8018
1595197876.136116 4065 (nfd) 518 358 223682560 8018
1595197876.689909 4065 (nfd) 532 366 223682560 8018
1595197877.245661 4065 (nfd) 541 372 223682560 8018
1595197877.800779 4065 (nfd) 550 378 223682560 8018
1595197878.324588 4065 (nfd) 558 386 223682560 8018
1595197878.875004 4065 (nfd) 568 393 223682560 8018
1595197879.427221 4065 (nfd) 580 402 223682560 8018
1595197879.951494 4065 (nfd) 591 411 223682560 8018
1595197880.502327 4065 (nfd) 604 416 223682560 8018
1595197881.056366 4065 (nfd) 611 423 223682560 8018
1595197881.610886 4065 (nfd) 621 433 223682560 8018
1595197882.165875 4065 (nfd) 631 438 223682560 8018
1595197882.721113 4065 (nfd) 637 445 223682560 8018
1595197883.275956 4065 (nfd) 648 452 223682560 8018
1595197883.799754 4065 (nfd) 659 459 223682560 8018
1595197884.352404 4065 (nfd) 669 468 223682560 8018
1595197884.905580 4065 (nfd) 683 480 223682560 8018
1595197885.459154 4065 (nfd) 692 492 223682560 8018
1595197885.983553 4065 (nfd) 703 498 223682560 8018
1595197886.506957 4065 (nfd) 715 504 223682560 8018
1595197887.063780 4065 (nfd) 727 509 223682560 8018
1595197887.587857 4065 (nfd) 737 516 223682560 8018
1595197888.111035 4065 (nfd) 739 520 223682560 8018
1595197888.633855 4065 (nfd) 739 520 223682560 8018
1595197889.157004 4065 (nfd) 739 520 223682560 8018
1595197889.679913 4065 (nfd) 739 520 223682560 8018
1595197890.203067 4065 (nfd) 739 520 223682560 8018
1595197890.726100 4065 (nfd) 739 520 223682560 8018
1595197891.249086 4065 (nfd) 739 520 223682560 8018
1595197891.772166 4065 (nfd) 739 520 223682560 8018
1595197892.295061 4065 (nfd) 739 520 223682560 8018
1595197892.818118 4065 (nfd) 739 520 223682560 8018
1595197893.341195 4065 (nfd) 739 520 223682560 8018
1595197893.864298 4065 (nfd) 739 520 223682560 8018
1595197894.387280 4065 (nfd) 739 520 223682560 8018
1595197894.910304 4065 (nfd) 739 520 223682560 8018
1595197895.433307 4065 (nfd) 739 520 223682560 8018
1595197895.956256 4065 (nfd) 739 520 223682560 8018
1595197896.479267 4065 (nfd) 739 520 223682560 8018
1595197897.002406 4065 (nfd) 739 520 223682560 8018
1595197897.525448 4065 (nfd) 739 520 223682560 8018
1595197898.048446 4065 (nfd) 739 520 223682560 8018
1595197898.571440 4065 (nfd) 739 520 223682560 8018
1595197899.094344 4065 (nfd) 739 520 223682560 8018
1595197899.617420 4065 (nfd) 739 520 223682560 8018
1595197900.140455 4065 (nfd) 739 520 223682560 8018
