1595198765.582174 8442 (nfd) 2 0 223412224 7634
1595198766.105787 8442 (nfd) 2 0 223412224 7634
1595198766.628734 8442 (nfd) 2 0 223412224 7634
1595198767.151721 8442 (nfd) 2 0 223412224 7634
1595198767.675392 8442 (nfd) 2 0 223412224 7634
1595198768.198404 8442 (nfd) 2 0 223412224 7634
1595198768.721821 8442 (nfd) 2 0 223678464 7908
1595198769.245249 8442 (nfd) 2 0 223678464 7908
1595198769.768608 8442 (nfd) 2 1 223678464 7908
1595198770.291525 8442 (nfd) 4 2 223678464 7908
1595198770.814573 8442 (nfd) 6 4 223678464 7908
1595198771.337515 8442 (nfd) 8 5 223678464 7908
1595198771.861165 8442 (nfd) 10 6 223678464 7908
1595198772.384379 8442 (nfd) 12 9 223678464 7908
1595198772.907437 8442 (nfd) 14 10 223678464 7908
1595198773.430251 8442 (nfd) 15 14 223678464 7908
1595198773.953375 8442 (nfd) 17 16 223678464 7908
1595198774.476304 8442 (nfd) 20 17 223678464 7908
1595198774.999480 8442 (nfd) 22 19 223678464 7908
1595198775.554009 8442 (nfd) 24 20 223678464 7908
1595198776.078284 8442 (nfd) 28 21 223678464 7908
1595198776.633963 8442 (nfd) 30 23 223678464 7908
1595198777.158090 8442 (nfd) 34 25 223678464 7908
1595198777.713753 8442 (nfd) 35 29 223678464 7908
1595198778.237183 8442 (nfd) 38 32 223678464 7908
1595198778.760944 8442 (nfd) 41 33 223678464 7908
1595198779.284018 8442 (nfd) 44 35 223678464 7908
1595198779.807213 8442 (nfd) 46 37 223678464 7908
1595198780.330051 8442 (nfd) 51 38 223678464 7908
1595198780.853135 8442 (nfd) 53 40 223678464 7908
1595198781.375994 8442 (nfd) 57 40 223678464 7908
1595198781.898849 8442 (nfd) 59 42 223678464 7908
1595198782.421854 8442 (nfd) 63 44 223678464 7908
1595198782.944798 8442 (nfd) 65 46 223678464 7908
1595198783.467768 8442 (nfd) 68 48 223678464 7908
1595198783.990778 8442 (nfd) 71 50 223678464 7908
1595198784.513755 8442 (nfd) 73 52 223678464 7908
1595198785.036764 8442 (nfd) 75 54 223678464 7908
1595198785.559868 8442 (nfd) 78 56 223678464 7908
1595198786.082914 8442 (nfd) 81 58 223678464 7908
1595198786.605876 8442 (nfd) 83 60 223678464 7908
1595198787.128773 8442 (nfd) 84 63 223678464 7908
1595198787.651635 8442 (nfd) 86 66 223678464 7908
1595198788.174679 8442 (nfd) 89 68 223678464 7908
1595198788.697652 8442 (nfd) 92 70 223678464 7908
1595198789.220603 8442 (nfd) 97 70 223678464 7908
1595198789.743829 8442 (nfd) 99 73 223678464 7908
1595198790.266830 8442 (nfd) 103 74 223678464 7908
1595198790.822720 8442 (nfd) 107 75 223678464 7908
1595198791.346468 8442 (nfd) 110 77 223678464 7908
1595198791.869563 8442 (nfd) 112 79 223678464 7908
1595198792.392552 8442 (nfd) 115 80 223678464 7908
1595198792.915496 8442 (nfd) 117 82 223678464 7908
1595198793.438583 8442 (nfd) 120 84 223678464 7908
1595198793.961371 8442 (nfd) 122 86 223678464 7908
1595198794.484437 8442 (nfd) 126 87 223678464 7908
1595198795.007448 8442 (nfd) 130 87 223678464 7908
1595198795.530346 8442 (nfd) 132 89 223678464 7908
1595198796.053275 8442 (nfd) 134 92 223678464 7908
1595198796.576537 8442 (nfd) 138 92 223678464 7908
1595198797.100179 8442 (nfd) 141 94 223678464 7908
1595198797.657017 8442 (nfd) 143 96 223678464 7908
1595198798.180352 8442 (nfd) 145 98 223678464 7908
1595198798.703259 8442 (nfd) 148 100 223678464 7908
1595198799.226386 8442 (nfd) 151 101 223678464 7908
1595198799.750074 8442 (nfd) 153 103 223678464 7908
1595198800.273115 8442 (nfd) 156 104 223678464 7908
1595198800.796120 8442 (nfd) 158 107 223678464 7908
1595198801.319271 8442 (nfd) 162 108 223678464 7908
1595198801.842961 8442 (nfd) 165 109 223678464 7908
1595198802.366313 8442 (nfd) 169 110 223678464 7908
1595198802.889221 8442 (nfd) 172 111 223678464 7908
1595198803.412072 8442 (nfd) 174 113 223678464 7908
1595198803.935085 8442 (nfd) 176 116 223678464 7908
1595198804.458047 8442 (nfd) 179 117 223678464 7908
1595198804.981008 8442 (nfd) 181 120 223678464 7908
1595198805.504074 8442 (nfd) 184 121 223678464 7908
1595198806.027010 8442 (nfd) 188 122 223678464 7908
1595198806.549909 8442 (nfd) 189 125 223678464 7908
1595198807.072904 8442 (nfd) 193 126 223678464 7908
1595198807.596013 8442 (nfd) 196 127 223678464 7908
1595198808.118881 8442 (nfd) 199 128 223678464 7908
1595198808.641810 8442 (nfd) 202 129 223678464 7908
1595198809.196595 8442 (nfd) 206 130 223678464 7908
1595198809.752036 8442 (nfd) 209 131 223678464 7908
1595198810.275662 8442 (nfd) 213 132 223678464 7908
1595198810.798833 8442 (nfd) 216 133 223678464 7908
1595198811.322000 8442 (nfd) 219 135 223809536 7975
1595198811.844733 8442 (nfd) 219 135 223809536 7975
1595198812.367599 8442 (nfd) 219 135 223809536 7975
1595198812.890705 8442 (nfd) 219 135 223809536 7975
1595198813.413749 8442 (nfd) 219 135 223809536 7975
1595198813.936699 8442 (nfd) 219 135 223809536 7975
1595198814.459718 8442 (nfd) 219 135 223809536 7975
1595198814.982558 8442 (nfd) 219 135 223809536 7975
1595198815.505564 8442 (nfd) 219 135 223809536 7975
1595198816.028500 8442 (nfd) 219 135 223809536 7975
1595198816.551552 8442 (nfd) 219 135 223809536 7975
1595198817.074530 8442 (nfd) 219 135 223809536 7975
1595198817.597498 8442 (nfd) 219 135 223809536 7975
1595198818.120485 8442 (nfd) 219 135 223809536 7975
1595198818.643511 8442 (nfd) 219 135 223809536 7975
1595198819.166446 8442 (nfd) 219 135 223809536 7975
1595198819.689545 8442 (nfd) 219 135 223809536 7975
1595198820.212450 8442 (nfd) 219 135 223809536 7975
