1595202504.813024 19297 (squid) 2 0 62672896 5216
1595202505.336071 19297 (squid) 2 0 62672896 5216
1595202505.855958 19297 (squid) 2 0 62672896 5216
1595202506.379111 19297 (squid) 2 0 62672896 5216
1595202506.902372 19297 (squid) 2 0 62672896 5216
1595202507.426008 19297 (squid) 2 0 62672896 5216
1595202507.944619 19297 (squid) 6 0 64184320 5684
1595202508.463951 19297 (squid) 18 5 64249856 5686
1595202508.979999 19297 (squid) 31 9 64249856 5686
1595202509.496018 19297 (squid) 43 14 64249856 5686
1595202510.011771 19297 (squid) 58 17 64249856 5700
1595202510.527706 19297 (squid) 70 22 64184320 5684
1595202511.043640 19297 (squid) 82 26 64249856 5700
1595202511.559513 19297 (squid) 94 30 64249856 5700
1595202512.075533 19297 (squid) 106 35 64249856 5686
1595202512.591581 19297 (squid) 118 40 64249856 5686
1595202513.107459 19297 (squid) 131 44 64249856 5686
1595202513.623350 19297 (squid) 142 49 64249856 5700
1595202514.139463 19297 (squid) 153 55 64184320 5684
1595202514.655442 19297 (squid) 166 59 64249856 5686
1595202515.171197 19297 (squid) 178 63 64249856 5686
1595202515.686916 19297 (squid) 189 70 64249856 5700
1595202516.203012 19297 (squid) 200 75 64249856 5700
1595202516.719005 19297 (squid) 212 79 64249856 5686
1595202517.234776 19297 (squid) 226 81 64380928 5684
1595202517.750677 19297 (squid) 240 85 64249856 5686
1595202518.266694 19297 (squid) 253 88 64249856 5686
1595202518.782379 19297 (squid) 266 91 64249856 5700
1595202519.298100 19297 (squid) 280 94 64249856 5700
1595202519.814095 19297 (squid) 291 100 64249856 5686
1595202520.330216 19297 (squid) 304 103 64249856 5686
1595202520.846206 19297 (squid) 314 109 64249856 5686
1595202521.362865 19297 (squid) 325 115 64249856 5686
1595202521.878611 19297 (squid) 336 119 64167936 5680
1595202522.394688 19297 (squid) 348 124 64167936 5680
1595202522.910946 19297 (squid) 359 130 64233472 5682
1595202523.426656 19297 (squid) 372 134 64233472 5696
1595202523.942446 19297 (squid) 383 139 64233472 5682
1595202524.460974 19297 (squid) 396 143 64233472 5696
1595202524.976949 19297 (squid) 408 148 64233472 5682
1595202525.495463 19297 (squid) 420 153 64167936 5680
1595202526.011219 19297 (squid) 434 156 64233472 5682
1595202526.527048 19297 (squid) 447 160 64233472 5682
1595202527.042801 19297 (squid) 461 163 64233472 5696
1595202527.558467 19297 (squid) 473 167 64167936 5680
1595202528.074395 19297 (squid) 485 172 64233472 5682
1595202528.590431 19297 (squid) 498 175 64233472 5682
1595202529.106467 19297 (squid) 512 179 64364544 5680
1595202529.625164 19297 (squid) 526 182 64233472 5696
1595202530.141243 19297 (squid) 538 187 64233472 5696
1595202530.660202 19297 (squid) 549 192 64233472 5682
1595202531.176076 19297 (squid) 562 197 64233472 5682
1595202531.691831 19297 (squid) 574 201 64233472 5682
1595202532.208470 19297 (squid) 587 205 64233472 5682
1595202532.724269 19297 (squid) 598 210 64299008 5682
1595202533.240078 19297 (squid) 611 214 64233472 5682
1595202533.756295 19297 (squid) 624 219 64233472 5696
1595202534.272873 19297 (squid) 635 224 64233472 5696
1595202534.788616 19297 (squid) 645 230 64233472 5682
1595202535.304449 19297 (squid) 657 235 64233472 5696
1595202535.820341 19297 (squid) 670 239 64233472 5682
1595202536.336284 19297 (squid) 682 244 64233472 5696
1595202536.852235 19297 (squid) 695 248 64167936 5680
1595202537.367905 19297 (squid) 709 251 64233472 5682
1595202537.883626 19297 (squid) 720 255 64233472 5696
1595202538.399584 19297 (squid) 732 261 64233472 5696
1595202538.915464 19297 (squid) 747 263 64233472 5682
1595202539.431910 19297 (squid) 758 269 64233472 5696
1595202539.947597 19297 (squid) 771 273 64167936 5680
1595202540.463477 19297 (squid) 785 276 64233472 5682
1595202540.980086 19297 (squid) 798 280 64233472 5696
1595202541.495761 19297 (squid) 809 285 64233472 5682
1595202542.011499 19297 (squid) 823 288 64233472 5696
1595202542.530185 19297 (squid) 836 291 64233472 5682
1595202543.046230 19297 (squid) 850 294 64233472 5682
1595202543.562020 19297 (squid) 863 297 64233472 5682
1595202544.077691 19297 (squid) 874 302 64233472 5682
1595202544.593474 19297 (squid) 888 306 64233472 5682
1595202545.109596 19297 (squid) 899 311 64233472 5682
1595202545.625427 19297 (squid) 912 314 64167936 5680
1595202546.143925 19297 (squid) 925 318 64233472 5682
1595202546.659975 19297 (squid) 938 322 64233472 5696
1595202547.175967 19297 (squid) 950 326 64233472 5696
1595202547.691724 19297 (squid) 964 329 64233472 5696
1595202548.208091 19297 (squid) 976 334 64233472 5682
1595202548.726726 19297 (squid) 989 337 64233472 5682
1595202549.242721 19297 (squid) 1003 341 64233472 5682
1595202549.758765 19297 (squid) 1016 345 64233472 5682
1595202550.282395 19297 (squid) 1023 348 64102400 5664
1595202550.805620 19297 (squid) 1023 348 64102400 5664
1595202551.328560 19297 (squid) 1023 348 64102400 5664
1595202551.851422 19297 (squid) 1023 348 64102400 5664
1595202552.374416 19297 (squid) 1023 348 64102400 5664
1595202552.897610 19297 (squid) 1023 348 64102400 5664
1595202553.420470 19297 (squid) 1023 348 64102400 5664
1595202553.943453 19297 (squid) 1023 348 64102400 5664
1595202554.466513 19297 (squid) 1023 348 64102400 5664
1595202554.989609 19297 (squid) 1023 348 64102400 5664
1595202555.512503 19297 (squid) 1023 348 64102400 5664
1595202556.035361 19297 (squid) 1023 348 64102400 5664
1595202556.558658 19297 (squid) 1023 348 64102400 5664
1595202557.081491 19297 (squid) 1023 348 64102400 5664
1595202557.604617 19297 (squid) 1023 348 64102400 5664
1595202558.127571 19297 (squid) 1023 348 64102400 5664
1595202558.650482 19297 (squid) 1023 348 64102400 5664
1595202559.173484 19297 (squid) 1023 348 64102400 5664
1595202559.696325 19297 (squid) 1023 348 64102400 5664
