1594763251.841892 27925 (nfd) 0 1 223412224 3765
1594763252.365261 27925 (nfd) 0 1 223412224 3765
1594763252.888890 27925 (nfd) 0 1 223412224 3765
1594763253.443597 27925 (nfd) 0 1 223412224 3765
1594763253.967903 27925 (nfd) 0 1 223412224 3765
1594763254.491224 27925 (nfd) 0 1 223412224 3765
1594763255.015048 27925 (nfd) 0 1 223412224 3765
1594763255.538860 27925 (nfd) 0 1 223412224 3765
1594763256.062054 27925 (nfd) 0 1 223412224 3765
1594763256.585049 27925 (nfd) 0 1 223412224 3765
1594763257.108875 27925 (nfd) 0 1 223412224 3765
1594763257.632000 27925 (nfd) 0 1 223412224 3765
1594763258.155069 27925 (nfd) 0 1 223412224 3765
1594763258.679032 27925 (nfd) 0 1 223412224 3765
1594763259.202906 27925 (nfd) 0 1 223412224 3765
1594763259.726942 27925 (nfd) 0 1 223412224 3765
1594763260.282860 27925 (nfd) 0 1 223412224 3765
1594763260.807258 27925 (nfd) 0 1 223412224 3765
1594763261.325422 27925 (nfd) 0 1 223412224 3765
1594763261.843124 27925 (nfd) 0 1 223412224 3765
1594763262.367025 27925 (nfd) 0 1 223412224 3765
1594763262.890244 27925 (nfd) 0 1 223412224 3765
1594763263.413816 27925 (nfd) 0 1 223412224 3765
1594763263.936838 27925 (nfd) 0 1 223412224 3765
1594763264.459960 27925 (nfd) 0 1 223412224 3765
1594763264.983164 27925 (nfd) 0 1 223412224 3765
1594763265.541194 27925 (nfd) 0 1 223412224 3765
1594763266.065030 27925 (nfd) 0 1 223412224 3765
1594763266.587946 27925 (nfd) 0 1 223412224 3765
1594763267.111236 27925 (nfd) 0 1 223412224 3765
1594763267.634815 27925 (nfd) 0 1 223412224 3765
1594763268.157999 27925 (nfd) 0 1 223412224 3765
1594763268.681087 27925 (nfd) 0 1 223412224 3765
1594763269.204907 27925 (nfd) 0 1 223412224 3765
1594763269.728004 27925 (nfd) 0 1 223412224 3765
1594763270.251829 27925 (nfd) 0 1 223412224 3765
1594763270.775510 27925 (nfd) 0 1 223412224 3765
1594763271.293100 27925 (nfd) 0 1 223412224 3765
1594763271.817087 27925 (nfd) 0 1 223412224 3765
1594763272.340809 27925 (nfd) 0 1 223412224 3765
1594763272.863994 27925 (nfd) 0 1 223412224 3765
1594763273.387027 27925 (nfd) 0 1 223412224 3765
1594763273.909970 27925 (nfd) 0 1 223412224 3765
1594763274.433779 27925 (nfd) 0 1 223412224 3765
1594763274.957121 27925 (nfd) 0 1 223412224 3765
1594763275.480842 27925 (nfd) 0 1 223412224 3765
1594763276.004029 27925 (nfd) 1 1 223547392 7941
1594763276.527848 27925 (nfd) 1 1 223547392 7941
1594763277.051181 27925 (nfd) 1 1 223547392 7941
1594763277.575057 27925 (nfd) 1 1 223547392 7941
1594763278.098872 27925 (nfd) 2 2 223547392 7941
1594763278.621981 27925 (nfd) 2 2 223547392 7941
1594763279.146045 27925 (nfd) 2 2 223547392 7941
1594763279.669826 27925 (nfd) 3 3 223547392 7941
1594763280.192938 27925 (nfd) 3 3 223547392 7941
1594763280.715959 27925 (nfd) 3 3 223547392 7941
1594763281.240069 27925 (nfd) 3 4 223547392 7941
1594763281.763799 27925 (nfd) 4 4 223547392 7941
1594763282.286956 27925 (nfd) 4 4 223547392 7941
1594763282.809925 27925 (nfd) 4 4 223547392 7941
1594763283.333084 27925 (nfd) 5 4 223547392 7941
1594763283.891214 27925 (nfd) 5 5 223547392 7941
1594763284.414941 27925 (nfd) 6 5 223547392 7941
1594763284.937942 27925 (nfd) 6 5 223547392 7941
1594763285.461289 27925 (nfd) 7 5 223547392 7941
1594763285.984897 27925 (nfd) 8 5 223547392 7941
1594763286.508127 27925 (nfd) 8 5 223547392 7941
1594763287.031792 27925 (nfd) 9 5 223547392 7941
1594763287.554930 27925 (nfd) 9 5 223547392 7941
1594763288.078060 27925 (nfd) 10 5 223547392 7941
1594763288.601955 27925 (nfd) 10 6 223547392 7941
1594763289.125203 27925 (nfd) 10 6 223547392 7941
1594763289.649033 27925 (nfd) 11 6 223547392 7941
1594763290.172935 27925 (nfd) 12 6 223547392 7941
1594763290.696946 27925 (nfd) 12 6 223547392 7941
1594763291.220179 27925 (nfd) 13 6 223547392 7941
1594763291.744034 27925 (nfd) 13 6 223547392 7941
1594763292.267899 27925 (nfd) 14 6 223547392 7941
1594763292.791097 27925 (nfd) 15 6 223547392 7941
1594763293.314895 27925 (nfd) 15 6 223547392 7941
1594763293.838012 27925 (nfd) 15 7 223547392 7941
1594763294.361978 27925 (nfd) 15 7 223547392 7941
1594763294.885882 27925 (nfd) 16 7 223547392 7941
1594763295.409043 27925 (nfd) 16 7 223547392 7941
1594763295.933024 27925 (nfd) 17 7 223547392 7941
1594763296.457021 27925 (nfd) 17 7 223547392 7941
1594763296.980880 27925 (nfd) 18 7 223547392 7941
1594763297.504094 27925 (nfd) 19 7 223547392 7941
1594763298.027933 27925 (nfd) 19 8 223547392 7941
1594763298.551978 27925 (nfd) 20 8 223547392 7941
1594763299.075927 27925 (nfd) 20 8 223547392 7941
1594763299.599172 27925 (nfd) 20 8 223547392 7941
1594763300.122812 27925 (nfd) 21 8 223547392 7941
1594763300.646117 27925 (nfd) 21 8 223547392 7941
1594763301.169902 27925 (nfd) 22 8 223547392 7941
1594763301.693114 27925 (nfd) 22 9 223547392 7941
1594763302.217008 27925 (nfd) 23 9 223547392 7941
1594763302.740069 27925 (nfd) 23 9 223547392 7941
1594763303.264231 27925 (nfd) 23 9 223547392 7941
1594763303.821604 27925 (nfd) 24 9 223547392 7941
1594763304.339200 27925 (nfd) 24 9 223547392 7941
1594763304.896486 27925 (nfd) 24 10 223547392 7941
1594763305.420978 27925 (nfd) 25 10 223547392 7941
1594763305.944191 27925 (nfd) 25 10 223547392 7941
1594763306.468285 27925 (nfd) 26 10 223547392 7941
1594763306.992021 27925 (nfd) 27 10 223547392 7941
1594763307.548291 27925 (nfd) 27 10 223547392 7941
1594763308.067001 27925 (nfd) 28 10 223547392 7941
1594763308.591064 27925 (nfd) 28 10 223547392 7941
1594763309.115973 27925 (nfd) 29 10 223547392 7941
1594763309.670057 27925 (nfd) 29 10 223547392 7941
1594763310.194479 27925 (nfd) 30 10 223547392 7941
1594763310.717971 27925 (nfd) 30 11 223547392 7941
1594763311.241170 27925 (nfd) 30 11 223547392 7941
1594763311.765098 27925 (nfd) 31 11 223547392 7941
1594763312.288993 27925 (nfd) 31 11 223547392 7941
1594763312.811953 27925 (nfd) 32 11 223547392 7941
1594763313.336041 27925 (nfd) 32 11 223547392 7941
1594763313.859932 27925 (nfd) 33 11 223547392 7941
1594763314.383057 27925 (nfd) 34 11 223547392 7941
1594763314.906053 27925 (nfd) 34 11 223547392 7941
1594763315.429098 27925 (nfd) 35 12 223547392 7941
1594763315.952793 27925 (nfd) 35 12 223547392 7941
1594763316.476010 27925 (nfd) 36 12 223547392 7941
1594763316.998949 27925 (nfd) 36 12 223547392 7941
1594763317.556320 27925 (nfd) 36 13 223547392 7941
1594763318.080045 27925 (nfd) 36 13 223547392 7941
1594763318.604345 27925 (nfd) 37 13 223547392 7941
1594763319.127861 27925 (nfd) 38 13 223547392 7941
1594763319.650937 27925 (nfd) 38 14 223547392 7941
1594763320.174051 27925 (nfd) 38 14 223547392 7941
1594763320.697059 27925 (nfd) 39 14 223547392 7941
1594763321.219962 27925 (nfd) 39 14 223547392 7941
1594763321.743473 27925 (nfd) 40 14 223547392 7941
1594763322.300989 27925 (nfd) 40 14 223547392 7941
1594763322.825600 27925 (nfd) 41 14 223547392 7941
1594763323.348955 27925 (nfd) 41 15 223547392 7941
1594763323.871983 27925 (nfd) 42 15 223547392 7941
1594763324.395143 27925 (nfd) 42 15 223547392 7941
1594763324.919077 27925 (nfd) 43 15 223547392 7941
1594763325.443012 27925 (nfd) 44 15 223547392 7941
1594763325.998245 27925 (nfd) 44 15 223547392 7941
1594763326.522043 27925 (nfd) 45 15 223547392 7941
1594763327.045214 27925 (nfd) 45 15 223547392 7941
1594763327.568851 27925 (nfd) 46 15 223547392 7941
1594763328.084658 27925 (nfd) 46 15 223547392 7941
1594763328.607960 27925 (nfd) 47 15 223547392 7941
1594763329.131714 27925 (nfd) 47 15 223547392 7941
1594763329.655037 27925 (nfd) 47 16 223547392 7941
1594763330.177992 27925 (nfd) 48 16 223547392 7941
1594763330.701005 27925 (nfd) 48 16 223547392 7941
1594763331.224020 27925 (nfd) 49 16 223547392 7941
1594763331.747292 27925 (nfd) 49 17 223547392 7941
1594763332.271082 27925 (nfd) 50 17 223547392 7941
1594763332.793975 27925 (nfd) 50 17 223547392 7941
1594763333.317277 27925 (nfd) 51 17 223547392 7941
1594763333.841030 27925 (nfd) 52 17 223547392 7941
1594763334.363345 27925 (nfd) 52 17 223547392 7941
1594763334.887073 27925 (nfd) 53 17 223547392 7941
1594763335.410234 27925 (nfd) 53 17 223547392 7941
1594763335.934043 27925 (nfd) 53 18 223547392 7941
1594763336.457135 27925 (nfd) 53 18 223547392 7941
1594763336.980241 27925 (nfd) 53 18 223547392 7941
1594763337.504050 27925 (nfd) 53 18 223547392 7941
1594763338.027224 27925 (nfd) 53 18 223547392 7941
1594763338.551008 27925 (nfd) 53 18 223547392 7941
1594763339.074237 27925 (nfd) 53 18 223547392 7941
1594763339.598114 27925 (nfd) 53 18 223547392 7941
1594763340.121156 27925 (nfd) 53 18 223547392 7941
1594763340.644298 27925 (nfd) 53 18 223547392 7941
1594763341.168133 27925 (nfd) 53 18 223547392 7941
1594763341.684121 27925 (nfd) 53 18 223547392 7941
1594763342.207933 27925 (nfd) 53 18 223547392 7941
1594763342.730990 27925 (nfd) 53 18 223547392 7941
1594763343.253975 27925 (nfd) 53 18 223547392 7941
