1594761070.219290 30985 (squid) 2 0 62672896 5161
1594761070.742565 30985 (squid) 2 0 62672896 5161
1594761071.265620 30985 (squid) 2 0 62672896 5161
1594761071.788663 30985 (squid) 2 0 62672896 5161
1594761072.311683 30985 (squid) 2 0 62672896 5161
1594761072.835574 30985 (squid) 2 0 62672896 5161
1594761073.359008 30985 (squid) 2 0 62672896 5161
1594761073.882655 30985 (squid) 2 0 62672896 5161
1594761074.406067 30985 (squid) 2 0 62672896 5161
1594761074.929609 30985 (squid) 2 0 62672896 5161
1594761075.452841 30985 (squid) 2 0 62672896 5161
1594761075.976516 30985 (squid) 2 0 62672896 5161
1594761076.500075 30985 (squid) 2 0 62672896 5161
1594761077.023822 30985 (squid) 2 0 62672896 5161
1594761077.547654 30985 (squid) 2 0 62672896 5161
1594761078.070900 30985 (squid) 2 0 62672896 5161
1594761078.594480 30985 (squid) 2 0 62672896 5161
1594761079.117709 30985 (squid) 2 0 62672896 5161
1594761079.640728 30985 (squid) 2 0 62672896 5161
1594761080.163660 30985 (squid) 2 0 62672896 5161
1594761080.687596 30985 (squid) 2 0 62672896 5161
1594761081.210730 30985 (squid) 2 0 62672896 5161
1594761081.733770 30985 (squid) 2 0 62672896 5161
1594761082.257342 30985 (squid) 2 0 62672896 5161
1594761082.780627 30985 (squid) 2 0 62672896 5161
1594761083.303789 30985 (squid) 2 0 62672896 5161
1594761083.827082 30985 (squid) 2 0 62672896 5161
1594761084.350909 30985 (squid) 2 0 62672896 5161
1594761084.874764 30985 (squid) 2 0 62672896 5161
1594761085.398563 30985 (squid) 2 0 62672896 5161
1594761085.921904 30985 (squid) 2 0 62672896 5161
1594761086.445706 30985 (squid) 2 0 62672896 5161
1594761086.968829 30985 (squid) 2 0 62672896 5161
1594761087.492680 30985 (squid) 2 0 62672896 5161
1594761088.016069 30985 (squid) 2 0 62672896 5161
1594761088.539617 30985 (squid) 2 0 62672896 5161
1594761089.062992 30985 (squid) 2 0 62672896 5161
1594761089.586858 30985 (squid) 2 0 62672896 5161
1594761090.110728 30985 (squid) 2 0 62672896 5161
1594761090.633911 30985 (squid) 2 0 62672896 5161
1594761091.157793 30985 (squid) 2 0 62672896 5161
1594761091.680919 30985 (squid) 2 0 62672896 5161
1594761092.204675 30985 (squid) 2 0 62672896 5161
1594761092.727819 30985 (squid) 2 0 62672896 5161
1594761093.251709 30985 (squid) 2 0 62672896 5161
1594761093.774786 30985 (squid) 2 0 62672896 5161
1594761094.333388 30985 (squid) 2 0 62672896 5161
1594761094.857640 30985 (squid) 2 0 62672896 5161
1594761095.380734 30985 (squid) 2 0 62672896 5161
1594761095.903884 30985 (squid) 2 0 62672896 5161
1594761096.427777 30985 (squid) 2 0 62672896 5161
1594761096.950824 30985 (squid) 2 0 62672896 5161
1594761097.473829 30985 (squid) 2 0 62672896 5161
1594761097.997884 30985 (squid) 2 0 62672896 5161
1594761098.521660 30985 (squid) 2 0 62672896 5161
1594761099.044933 30985 (squid) 2 0 62672896 5161
1594761099.568719 30985 (squid) 2 0 62672896 5161
1594761100.091825 30985 (squid) 2 0 62672896 5161
1594761100.614905 30985 (squid) 2 0 62672896 5161
1594761101.146871 30985 (squid) 2 0 62672896 5161
1594761101.670829 30985 (squid) 9 2 73535488 7554
1594761102.195252 30985 (squid) 9 2 73535488 7554
1594761102.752693 30985 (squid) 17 2 73535488 7694
1594761103.269373 30985 (squid) 22 2 73535488 7760
1594761103.792917 30985 (squid) 23 3 73535488 7760
1594761104.309095 30985 (squid) 28 4 73535488 7760
1594761104.832909 30985 (squid) 29 4 73535488 7760
1594761105.348730 30985 (squid) 34 5 73535488 7826
1594761105.872057 30985 (squid) 35 5 73535488 7826
1594761106.389428 30985 (squid) 40 7 73535488 7826
1594761106.912905 30985 (squid) 41 7 73535488 7826
1594761107.429235 30985 (squid) 45 9 73535488 7826
1594761107.953157 30985 (squid) 45 9 73535488 7826
1594761108.505446 30985 (squid) 51 10 73535488 7892
1594761109.028903 30985 (squid) 51 10 73535488 7892
1594761109.587002 30985 (squid) 58 10 73535488 7958
1594761110.111177 30985 (squid) 58 10 73535488 7958
1594761110.668040 30985 (squid) 62 13 73535488 7958
1594761111.191907 30985 (squid) 62 13 73535488 7958
1594761111.747932 30985 (squid) 68 14 73535488 7958
1594761112.271925 30985 (squid) 68 14 73535488 7958
1594761112.827809 30985 (squid) 74 15 73535488 7958
1594761113.353121 30985 (squid) 74 15 73535488 7958
1594761113.877056 30985 (squid) 79 16 73535488 7958
1594761114.396257 30985 (squid) 80 17 73535488 7958
1594761114.920047 30985 (squid) 84 18 73535488 7958
1594761115.440793 30985 (squid) 87 19 73535488 7958
1594761115.964249 30985 (squid) 90 19 73535488 7958
1594761116.480782 30985 (squid) 95 20 73535488 7958
1594761117.004240 30985 (squid) 96 21 73535488 7958
1594761117.520126 30985 (squid) 101 21 73535488 7958
1594761118.044122 30985 (squid) 101 22 73535488 7958
1594761118.560138 30985 (squid) 106 23 73535488 7958
1594761119.084033 30985 (squid) 107 23 73535488 7958
1594761119.600054 30985 (squid) 113 25 73535488 7958
1594761120.123904 30985 (squid) 113 25 73535488 7958
1594761120.639754 30985 (squid) 119 25 73535488 7958
1594761121.163066 30985 (squid) 119 25 73535488 7958
1594761121.718707 30985 (squid) 125 27 73535488 7958
1594761122.242837 30985 (squid) 125 27 73535488 7958
1594761122.798696 30985 (squid) 131 28 73535488 7958
1594761123.315048 30985 (squid) 131 28 73535488 7958
1594761123.872227 30985 (squid) 136 30 73535488 7958
1594761124.395966 30985 (squid) 136 30 73535488 7958
1594761124.952584 30985 (squid) 142 31 73535488 7958
1594761125.476946 30985 (squid) 142 31 73535488 7958
1594761126.000098 30985 (squid) 149 31 73535488 7958
1594761126.524097 30985 (squid) 149 31 73535488 7958
1594761127.047981 30985 (squid) 154 33 73535488 7958
1594761127.571170 30985 (squid) 154 33 73535488 7958
1594761128.128975 30985 (squid) 161 33 73535488 7958
1594761128.647265 30985 (squid) 165 33 73535488 7958
1594761129.171101 30985 (squid) 167 35 73535488 7958
1594761129.687231 30985 (squid) 171 36 73535488 7958
1594761130.211396 30985 (squid) 172 37 73535488 7958
1594761130.727643 30985 (squid) 177 37 73535488 7958
1594761131.250987 30985 (squid) 178 38 73535488 7958
1594761131.768604 30985 (squid) 184 38 73535488 7958
1594761132.292158 30985 (squid) 185 38 73535488 7958
1594761132.808556 30985 (squid) 189 40 73535488 7958
1594761133.332185 30985 (squid) 190 40 73535488 7958
1594761133.848169 30985 (squid) 196 41 73535488 7958
1594761134.371212 30985 (squid) 196 41 73535488 7958
1594761134.929547 30985 (squid) 201 43 73535488 7958
1594761135.453093 30985 (squid) 201 43 73535488 7958
1594761136.009440 30985 (squid) 206 45 73535488 7958
1594761136.533222 30985 (squid) 206 45 73535488 7958
1594761137.089612 30985 (squid) 211 47 73535488 7958
1594761137.613257 30985 (squid) 211 47 73535488 7958
1594761138.169564 30985 (squid) 216 48 73535488 7958
1594761138.693904 30985 (squid) 216 48 73535488 7958
1594761139.249830 30985 (squid) 222 50 73535488 7958
1594761139.774069 30985 (squid) 222 50 73535488 7958
1594761140.297147 30985 (squid) 227 52 73535488 7958
1594761140.826351 30985 (squid) 227 52 73535488 7958
1594761141.354102 30985 (squid) 233 52 73535488 7958
1594761141.877314 30985 (squid) 235 52 73535488 7958
1594761142.401157 30985 (squid) 239 53 73535488 7958
1594761142.917310 30985 (squid) 243 54 73535488 7958
1594761143.441167 30985 (squid) 244 54 73535488 7958
1594761143.957101 30985 (squid) 248 57 73535488 7958
1594761144.481018 30985 (squid) 249 57 73535488 7958
1594761144.997260 30985 (squid) 253 59 73535488 7958
1594761145.521117 30985 (squid) 254 59 73535488 7958
1594761146.036860 30985 (squid) 259 59 73535488 7958
1594761146.560368 30985 (squid) 260 59 73535488 7958
1594761147.076701 30985 (squid) 265 61 73535488 7958
1594761147.600270 30985 (squid) 266 61 73535488 7958
1594761148.157211 30985 (squid) 272 62 73535488 7958
1594761148.681472 30985 (squid) 272 62 73535488 7958
1594761149.236727 30985 (squid) 278 63 73535488 7958
1594761149.760236 30985 (squid) 278 63 73535488 7958
1594761150.316051 30985 (squid) 283 66 73535488 7958
1594761150.840292 30985 (squid) 283 66 73535488 7958
1594761151.395995 30985 (squid) 289 67 73535488 7958
1594761151.920313 30985 (squid) 289 67 73535488 7958
1594761152.476297 30985 (squid) 295 68 73535488 7958
1594761153.002801 30985 (squid) 295 68 73535488 7958
1594761153.526392 30985 (squid) 301 69 73535488 7958
1594761154.053379 30985 (squid) 301 70 73535488 7958
1594761154.577423 30985 (squid) 305 72 73535488 7958
1594761155.096087 30985 (squid) 308 73 73535488 7958
1594761155.619329 30985 (squid) 310 73 73535488 7958
1594761156.135513 30985 (squid) 314 75 73535488 7958
1594761156.659286 30985 (squid) 315 75 73535488 7958
1594761157.175394 30985 (squid) 320 76 73535488 7958
1594761157.699214 30985 (squid) 321 77 73535488 7958
1594761158.215082 30985 (squid) 325 78 73535488 7958
1594761158.738328 30985 (squid) 325 79 73535488 7958
1594761159.259840 30985 (squid) 331 80 73535488 7958
1594761159.783433 30985 (squid) 331 80 73535488 7958
1594761160.307184 30985 (squid) 331 80 73535488 7958
1594761160.830495 30985 (squid) 331 80 73535488 7958
1594761161.354182 30985 (squid) 331 80 73535488 7958
1594761161.877328 30985 (squid) 331 80 73535488 7958
1594761162.400522 30985 (squid) 331 80 73535488 7958
1594761162.924324 30985 (squid) 331 80 73535488 7958
1594761163.447495 30985 (squid) 331 80 73535488 7958
1594761163.971381 30985 (squid) 331 80 73535488 7958
1594761164.495284 30985 (squid) 331 80 73535488 7958
1594761165.018237 30985 (squid) 331 80 73535488 7958
1594761165.541322 30985 (squid) 331 80 73535488 7958
1594761166.064270 30985 (squid) 331 80 73535488 7958
1594761166.587293 30985 (squid) 331 80 73535488 7958
1594761167.110336 30985 (squid) 331 80 73535488 7958
1594761167.633424 30985 (squid) 331 80 73535488 7958
1594761168.156510 30985 (squid) 331 80 73535488 7958
1594761168.680325 30985 (squid) 331 80 73535488 7958
1594761169.203422 30985 (squid) 331 80 73535488 7958
1594761169.726467 30985 (squid) 331 80 73535488 7958
1594761170.250361 30985 (squid) 331 80 73535488 7958
1594761170.773480 30985 (squid) 331 80 73535488 7958
1594761171.297519 30985 (squid) 331 80 73535488 7958
1594761171.820509 30985 (squid) 331 80 73535488 7958
1594761172.344446 30985 (squid) 331 80 73535488 7958
1594761172.861966 30985 (squid) 331 80 73535488 7958
1594761173.385356 30985 (squid) 331 80 73535488 7958
1594761173.908555 30985 (squid) 331 80 73535488 7958
1594761174.432462 30985 (squid) 331 80 73535488 7958
1594761174.956348 30985 (squid) 331 80 73535488 7958
1594761175.514888 30985 (squid) 331 80 73535488 7958
1594761176.038516 30985 (squid) 331 80 73535488 7958
1594761176.562338 30985 (squid) 331 80 73535488 7958
