1595139040.926888 3821 (squid) 1 0 62672896 5197
1595139041.449947 3821 (squid) 1 0 62672896 5197
1595139041.972964 3821 (squid) 1 0 62672896 5197
1595139042.496011 3821 (squid) 1 0 62672896 5197
1595139043.019708 3821 (squid) 1 0 62672896 5197
1595139043.542900 3821 (squid) 1 0 62672896 5197
1595139044.066918 3821 (squid) 12 3 64102400 5579
1595139044.583071 3821 (squid) 54 13 64102400 5644
1595139045.098756 3821 (squid) 98 21 64102400 5644
1595139045.614460 3821 (squid) 141 29 64102400 5644
1595139046.130079 3821 (squid) 181 41 64102400 5644
1595139046.646075 3821 (squid) 224 50 64102400 5644
1595139047.161913 3821 (squid) 266 59 64102400 5644
1595139047.677603 3821 (squid) 310 67 64102400 5644
1595139048.193371 3821 (squid) 349 79 64102400 5644
1595139048.708983 3821 (squid) 388 91 64102400 5644
1595139049.225193 3821 (squid) 433 98 64102400 5644
1595139049.741790 3821 (squid) 473 109 64102400 5644
1595139050.258265 3821 (squid) 518 116 64102400 5644
1595139050.774673 3821 (squid) 561 125 64102400 5644
1595139051.290364 3821 (squid) 602 135 64102400 5644
1595139051.806893 3821 (squid) 645 145 64102400 5644
1595139052.323361 3821 (squid) 689 151 64102400 5644
1595139052.839894 3821 (squid) 731 161 64102400 5644
1595139053.356390 3821 (squid) 773 171 64102400 5644
1595139053.872903 3821 (squid) 815 181 64102400 5644
1595139054.389595 3821 (squid) 859 189 64102400 5644
1595139054.905292 3821 (squid) 902 197 64102400 5644
1595139055.421824 3821 (squid) 943 207 64102400 5644
1595139055.938428 3821 (squid) 983 219 64102400 5644
1595139056.454109 3821 (squid) 1025 229 64102400 5644
1595139056.970566 3821 (squid) 1072 234 64102400 5644
1595139057.486634 3821 (squid) 1116 241 64102400 5644
1595139058.002644 3821 (squid) 1158 250 64102400 5644
1595139058.519187 3821 (squid) 1198 262 64102400 5644
1595139059.035762 3821 (squid) 1240 272 64102400 5644
1595139059.552268 3821 (squid) 1283 280 64102400 5644
1595139060.068161 3821 (squid) 1323 292 64102400 5644
1595139060.583914 3821 (squid) 1365 301 64102400 5644
1595139061.100592 3821 (squid) 1407 311 64102400 5644
1595139061.616349 3821 (squid) 1448 321 64102400 5644
1595139062.132028 3821 (squid) 1491 331 64102400 5644
1595139062.648581 3821 (squid) 1531 342 64102400 5644
1595139063.165196 3821 (squid) 1574 350 64102400 5644
1595139063.680902 3821 (squid) 1615 361 64102400 5644
1595139064.197352 3821 (squid) 1659 369 64102400 5644
1595139064.713811 3821 (squid) 1699 380 64102400 5644
1595139065.230068 3821 (squid) 1739 392 64102400 5644
1595139065.745939 3821 (squid) 1783 400 64102400 5644
1595139066.262374 3821 (squid) 1822 412 64102400 5644
1595139066.778515 3821 (squid) 1865 420 64102400 5644
1595139067.295148 3821 (squid) 1906 431 64102400 5644
1595139067.811670 3821 (squid) 1946 442 64102400 5644
1595139068.327759 3821 (squid) 1991 450 64102400 5644
1595139068.844492 3821 (squid) 2032 460 64102400 5644
1595139069.360994 3821 (squid) 2074 469 64102400 5644
1595139069.877437 3821 (squid) 2117 478 64102400 5644
1595139070.393758 3821 (squid) 2159 488 64102400 5644
1595139070.910473 3821 (squid) 2200 499 64102400 5644
1595139071.427013 3821 (squid) 2240 510 64102400 5644
1595139071.942594 3821 (squid) 2282 519 64102400 5644
1595139072.459290 3821 (squid) 2326 527 64102400 5644
1595139072.975406 3821 (squid) 2371 534 64102400 5644
1595139073.492182 3821 (squid) 2413 544 64102400 5644
1595139074.007976 3821 (squid) 2455 553 64102400 5644
1595139074.523678 3821 (squid) 2497 562 64102400 5644
1595139075.039509 3821 (squid) 2540 571 64102400 5644
1595139075.555544 3821 (squid) 2585 578 64102400 5644
1595139076.071330 3821 (squid) 2627 588 64102400 5644
1595139076.587221 3821 (squid) 2665 601 64102400 5644
1595139077.103001 3821 (squid) 2708 609 64102400 5644
1595139077.618923 3821 (squid) 2750 619 64102400 5644
1595139078.134778 3821 (squid) 2791 629 64102400 5644
1595139078.650373 3821 (squid) 2834 638 64102400 5644
1595139079.166050 3821 (squid) 2879 644 64102400 5644
1595139079.682027 3821 (squid) 2920 656 64102400 5644
1595139080.197993 3821 (squid) 2962 665 64102400 5644
1595139080.713814 3821 (squid) 3001 678 64102400 5644
1595139081.229968 3821 (squid) 3046 684 64102400 5644
1595139081.745857 3821 (squid) 3091 691 64102400 5644
1595139082.261550 3821 (squid) 3136 698 64102400 5644
1595139082.777450 3821 (squid) 3175 709 64102400 5644
1595139083.293488 3821 (squid) 3215 721 64102400 5644
1595139083.809402 3821 (squid) 3258 730 64102400 5644
1595139084.332410 3821 (squid) 3276 738 64102400 5644
1595139084.855657 3821 (squid) 3276 738 64102400 5644
1595139085.378543 3821 (squid) 3276 738 64102400 5644
1595139085.901560 3821 (squid) 3276 738 64102400 5644
1595139086.424511 3821 (squid) 3276 738 64102400 5644
1595139086.947809 3821 (squid) 3276 738 64102400 5644
1595139087.471410 3821 (squid) 3276 738 64102400 5644
1595139087.994533 3821 (squid) 3276 738 64102400 5644
1595139088.517457 3821 (squid) 3276 738 64102400 5644
1595139089.040653 3821 (squid) 3276 738 64102400 5644
1595139089.563655 3821 (squid) 3276 738 64102400 5644
1595139090.086578 3821 (squid) 3276 738 64102400 5644
1595139090.609659 3821 (squid) 3276 738 64102400 5644
