1595198956.884966 9836 (nfd) 2 0 223412224 7640
1595198957.408147 9836 (nfd) 2 0 223412224 7640
1595198957.930993 9836 (nfd) 2 0 223412224 7640
1595198958.454096 9836 (nfd) 2 0 223412224 7640
1595198958.976353 9836 (nfd) 2 0 223412224 7640
1595198959.500008 9836 (nfd) 2 0 223412224 7640
1595198960.023027 9836 (nfd) 2 0 223682560 7914
1595198960.546191 9836 (nfd) 2 0 223682560 7914
1595198961.069217 9836 (nfd) 2 1 223682560 7980
1595198961.592391 9836 (nfd) 4 2 223682560 7980
1595198962.116161 9836 (nfd) 6 4 223682560 7980
1595198962.670840 9836 (nfd) 8 5 223682560 7980
1595198963.194240 9836 (nfd) 11 7 223682560 7980
1595198963.717255 9836 (nfd) 14 7 223682560 7980
1595198964.241019 9836 (nfd) 16 9 223682560 7980
1595198964.764157 9836 (nfd) 18 11 223682560 7980
1595198965.287231 9836 (nfd) 21 12 223682560 7980
1595198965.810006 9836 (nfd) 24 13 223682560 7980
1595198966.361123 9836 (nfd) 26 15 223682560 7980
1595198966.884907 9836 (nfd) 29 16 223682560 7980
1595198967.412886 9836 (nfd) 31 19 223682560 7980
1595198967.935989 9836 (nfd) 34 20 223682560 7980
1595198968.490015 9836 (nfd) 38 22 223682560 7980
1595198969.044744 9836 (nfd) 40 24 223682560 7980
1595198969.568055 9836 (nfd) 42 27 223682560 7980
1595198970.090944 9836 (nfd) 44 30 223682560 7980
1595198970.645383 9836 (nfd) 47 32 223682560 7980
1595198971.202866 9836 (nfd) 50 34 223682560 7980
1595198971.727043 9836 (nfd) 54 35 223682560 7980
1595198972.249947 9836 (nfd) 56 37 223682560 7980
1595198972.804735 9836 (nfd) 59 39 223682560 7980
1595198973.328026 9836 (nfd) 63 40 223682560 7980
1595198973.851071 9836 (nfd) 66 41 223682560 7980
1595198974.373991 9836 (nfd) 69 42 223682560 7980
1595198974.897050 9836 (nfd) 72 44 223682560 7980
1595198975.420846 9836 (nfd) 76 45 223682560 7980
1595198975.944070 9836 (nfd) 79 46 223682560 7980
1595198976.460522 9836 (nfd) 83 48 223682560 7980
1595198976.983874 9836 (nfd) 86 48 223682560 7980
1595198977.535970 9836 (nfd) 89 50 223682560 7980
1595198978.059925 9836 (nfd) 93 51 223682560 7980
1595198978.583042 9836 (nfd) 96 52 223682560 7980
1595198979.106040 9836 (nfd) 99 54 223682560 7980
1595198979.629051 9836 (nfd) 100 57 223682560 7980
1595198980.184071 9836 (nfd) 103 59 223682560 7980
1595198980.740049 9836 (nfd) 106 61 223682560 7980
1595198981.294907 9836 (nfd) 109 63 223682560 7980
1595198981.818784 9836 (nfd) 112 65 223682560 7980
1595198982.342012 9836 (nfd) 115 66 223682560 7980
1595198982.865040 9836 (nfd) 120 67 223682560 7980
1595198983.387971 9836 (nfd) 122 68 223682560 7980
1595198983.911151 9836 (nfd) 125 70 223682560 7980
1595198984.434048 9836 (nfd) 128 71 223682560 7980
1595198984.989951 9836 (nfd) 130 74 223682560 7980
1595198985.513759 9836 (nfd) 133 76 223682560 7980
1595198986.036923 9836 (nfd) 136 77 223682560 7980
1595198986.559926 9836 (nfd) 140 79 223682560 7980
1595198987.114528 9836 (nfd) 143 80 223682560 7980
1595198987.669474 9836 (nfd) 146 81 223682560 7980
1595198988.193189 9836 (nfd) 150 82 223682560 7980
1595198988.748391 9836 (nfd) 152 84 223682560 7980
1595198989.272021 9836 (nfd) 155 85 223682560 7980
1595198989.795241 9836 (nfd) 157 87 223682560 7980
1595198990.318120 9836 (nfd) 161 87 223682560 7980
1595198990.870728 9836 (nfd) 164 89 223682560 7980
1595198991.425648 9836 (nfd) 167 91 223682560 7980
1595198991.982599 9836 (nfd) 170 93 223682560 7980
1595198992.506897 9836 (nfd) 172 95 223682560 7980
1595198993.030061 9836 (nfd) 175 96 223682560 7980
1595198993.587378 9836 (nfd) 177 99 223682560 7980
1595198994.111084 9836 (nfd) 178 102 223682560 7980
1595198994.634757 9836 (nfd) 181 103 223682560 7980
1595198995.158013 9836 (nfd) 182 105 223682560 7980
1595198995.681039 9836 (nfd) 185 106 223682560 7980
1595198996.204103 9836 (nfd) 187 108 223682560 7980
1595198996.755853 9836 (nfd) 189 110 223682560 7980
1595198997.279164 9836 (nfd) 192 111 223682560 7980
1595198997.802146 9836 (nfd) 195 112 223682560 7980
1595198998.325076 9836 (nfd) 197 114 223682560 7980
1595198998.848043 9836 (nfd) 199 116 223682560 7980
1595198999.400742 9836 (nfd) 200 117 223682560 7980
1595198999.924168 9836 (nfd) 202 119 223682560 7980
1595199000.446909 9836 (nfd) 204 121 223682560 7980
1595199000.970310 9836 (nfd) 206 123 223682560 7980
1595199001.494041 9836 (nfd) 209 125 223682560 7980
1595199002.018028 9836 (nfd) 212 126 223682560 7980
1595199002.541023 9836 (nfd) 214 127 223682560 7980
1595199003.063972 9836 (nfd) 214 127 223682560 7980
1595199003.586919 9836 (nfd) 214 127 223682560 7980
1595199004.109923 9836 (nfd) 214 127 223682560 7980
1595199004.632957 9836 (nfd) 215 127 223682560 7980
1595199005.156145 9836 (nfd) 215 127 223682560 7980
1595199005.679162 9836 (nfd) 215 127 223682560 7980
1595199006.202086 9836 (nfd) 215 127 223682560 7980
1595199006.725097 9836 (nfd) 215 127 223682560 7980
1595199007.248107 9836 (nfd) 215 127 223682560 7980
1595199007.771100 9836 (nfd) 215 127 223682560 7980
1595199008.294118 9836 (nfd) 215 127 223682560 7980
1595199008.817085 9836 (nfd) 215 127 223682560 7980
1595199009.340025 9836 (nfd) 215 127 223682560 7980
1595199009.863145 9836 (nfd) 215 127 223682560 7980
1595199010.386066 9836 (nfd) 215 127 223682560 7980
1595199010.909067 9836 (nfd) 215 127 223682560 7980
1595199011.432097 9836 (nfd) 215 127 223682560 7980
