1595139785.199792 5492 (squid) 1 1 62672896 5182
1595139785.722784 5492 (squid) 1 1 62672896 5182
1595139786.245682 5492 (squid) 1 1 62672896 5182
1595139786.768717 5492 (squid) 1 1 62672896 5182
1595139787.291857 5492 (squid) 1 1 62672896 5182
1595139787.814832 5492 (squid) 1 1 62672896 5182
1595139788.330631 5492 (squid) 5 2 64184320 5635
1595139788.846381 5492 (squid) 18 6 64167936 5631
1595139789.362781 5492 (squid) 31 9 64233472 5633
1595139789.878556 5492 (squid) 43 13 64233472 5633
1595139790.394445 5492 (squid) 56 18 64233472 5633
1595139790.910237 5492 (squid) 68 23 64233472 5633
1595139791.426439 5492 (squid) 80 28 64233472 5633
1595139791.943028 5492 (squid) 93 32 64233472 5633
1595139792.458914 5492 (squid) 107 34 64233472 5647
1595139792.974734 5492 (squid) 121 37 64233472 5633
1595139793.490519 5492 (squid) 137 38 64233472 5633
1595139794.006577 5492 (squid) 151 41 64167936 5631
1595139794.522551 5492 (squid) 163 45 64233472 5633
1595139795.038474 5492 (squid) 177 48 64233472 5633
1595139795.554618 5492 (squid) 191 52 64233472 5633
1595139796.070687 5492 (squid) 203 57 64233472 5633
1595139796.589406 5492 (squid) 215 61 64233472 5647
1595139797.105348 5492 (squid) 228 66 64233472 5633
1595139797.621272 5492 (squid) 241 69 64233472 5647
1595139798.139750 5492 (squid) 254 74 64233472 5647
1595139798.656293 5492 (squid) 268 77 64167936 5631
1595139799.172294 5492 (squid) 281 80 64233472 5647
1595139799.688756 5492 (squid) 295 84 64184320 5635
1595139800.204867 5492 (squid) 308 88 64233472 5647
1595139800.721042 5492 (squid) 321 91 64233472 5633
1595139801.236947 5492 (squid) 336 93 64233472 5633
1595139801.752624 5492 (squid) 349 97 64167936 5631
1595139802.268419 5492 (squid) 365 99 64233472 5647
1595139802.784224 5492 (squid) 379 103 64233472 5647
1595139803.300636 5492 (squid) 393 106 64233472 5647
1595139803.816265 5492 (squid) 409 108 64233472 5647
1595139804.332002 5492 (squid) 424 112 64233472 5633
1595139804.847848 5492 (squid) 439 114 64233472 5647
1595139805.364100 5492 (squid) 453 119 64233472 5647
1595139805.880023 5492 (squid) 465 123 64233472 5633
1595139806.395647 5492 (squid) 479 125 64233472 5633
1595139806.911648 5492 (squid) 492 129 64233472 5633
1595139807.427575 5492 (squid) 505 133 64233472 5633
1595139807.946151 5492 (squid) 517 137 64233472 5633
1595139808.462019 5492 (squid) 530 141 64233472 5633
1595139808.978476 5492 (squid) 542 146 64233472 5633
1595139809.494225 5492 (squid) 555 150 64233472 5647
1595139810.010584 5492 (squid) 568 154 64233472 5633
1595139810.529188 5492 (squid) 581 157 64233472 5633
1595139811.045276 5492 (squid) 593 163 64233472 5633
1595139811.561137 5492 (squid) 606 167 64233472 5633
1595139812.077073 5492 (squid) 620 169 64167936 5631
1595139812.592868 5492 (squid) 633 173 64167936 5631
1595139813.108585 5492 (squid) 647 176 64233472 5633
1595139813.624512 5492 (squid) 660 179 64233472 5633
1595139814.140316 5492 (squid) 672 185 64167936 5631
1595139814.656551 5492 (squid) 684 189 64233472 5647
1595139815.172577 5492 (squid) 696 194 64167936 5631
1595139815.691454 5492 (squid) 710 197 64233472 5647
1595139816.207243 5492 (squid) 724 199 64233472 5633
1595139816.724147 5492 (squid) 734 206 64233472 5633
1595139817.240132 5492 (squid) 748 210 64233472 5647
1595139817.756302 5492 (squid) 761 214 64233472 5647
1595139818.272675 5492 (squid) 774 218 64233472 5647
1595139818.788607 5492 (squid) 789 219 64233472 5647
1595139819.307178 5492 (squid) 801 224 64233472 5633
1595139819.823287 5492 (squid) 815 228 64233472 5633
1595139820.339393 5492 (squid) 829 230 64233472 5633
1595139820.855305 5492 (squid) 843 233 64233472 5647
1595139821.371729 5492 (squid) 856 237 64233472 5647
1595139821.887622 5492 (squid) 869 241 64167936 5631
1595139822.403621 5492 (squid) 879 247 64233472 5633
1595139822.919469 5492 (squid) 892 251 64233472 5633
1595139823.435286 5492 (squid) 907 254 64167936 5631
1595139823.951015 5492 (squid) 920 257 64233472 5633
1595139824.469868 5492 (squid) 930 264 64233472 5647
1595139824.988593 5492 (squid) 943 267 64233472 5647
1595139825.504832 5492 (squid) 956 271 64233472 5633
1595139826.021021 5492 (squid) 966 279 64233472 5647
1595139826.536975 5492 (squid) 978 284 64167936 5631
1595139827.052793 5492 (squid) 991 287 64233472 5633
1595139827.568932 5492 (squid) 1004 291 64233472 5633
1595139828.087747 5492 (squid) 1018 294 64233472 5647
1595139828.604257 5492 (squid) 1029 299 64233472 5633
1595139829.120458 5492 (squid) 1043 303 64233472 5647
1595139829.636166 5492 (squid) 1054 307 64233472 5633
1595139830.154722 5492 (squid) 1068 310 64364544 5631
1595139830.677647 5492 (squid) 1080 314 64102400 5615
1595139831.200675 5492 (squid) 1080 314 64102400 5615
1595139831.723591 5492 (squid) 1080 314 64102400 5615
1595139832.246549 5492 (squid) 1080 314 64102400 5615
1595139832.769443 5492 (squid) 1080 314 64102400 5615
1595139833.292547 5492 (squid) 1080 314 64102400 5615
1595139833.815555 5492 (squid) 1080 314 64102400 5615
1595139834.338558 5492 (squid) 1080 314 64102400 5615
1595139834.861553 5492 (squid) 1080 314 64102400 5615
1595139835.384610 5492 (squid) 1080 314 64102400 5615
1595139835.907514 5492 (squid) 1080 314 64102400 5615
1595139836.430415 5492 (squid) 1080 314 64102400 5615
1595139836.953712 5492 (squid) 1080 314 64102400 5615
1595139837.476876 5492 (squid) 1080 314 64102400 5615
1595139837.999725 5492 (squid) 1080 314 64102400 5615
1595139838.522697 5492 (squid) 1080 314 64102400 5615
1595139839.045668 5492 (squid) 1080 314 64102400 5615
1595139839.568706 5492 (squid) 1080 314 64102400 5615
1595139840.091513 5492 (squid) 1080 314 64102400 5615
