1595202213.269891 18439 (squid) 1 1 62672896 5164
1595202213.793021 18439 (squid) 1 1 62672896 5164
1595202214.316040 18439 (squid) 1 1 62672896 5164
1595202214.839037 18439 (squid) 1 1 62672896 5164
1595202215.362250 18439 (squid) 1 1 62672896 5164
1595202215.885168 18439 (squid) 1 1 62672896 5164
1595202216.400817 18439 (squid) 5 1 64282624 5617
1595202216.916775 18439 (squid) 19 4 64282624 5617
1595202217.432636 18439 (squid) 32 8 64282624 5617
1595202217.948839 18439 (squid) 44 12 64282624 5617
1595202218.464660 18439 (squid) 58 16 64282624 5617
1595202218.980708 18439 (squid) 71 20 64282624 5617
1595202219.496802 18439 (squid) 85 22 64282624 5617
1595202220.013064 18439 (squid) 99 25 64282624 5617
1595202220.529753 18439 (squid) 113 28 64282624 5617
1595202221.045933 18439 (squid) 124 33 64282624 5617
1595202221.562010 18439 (squid) 137 37 64282624 5617
1595202222.078711 18439 (squid) 151 41 64282624 5617
1595202222.594450 18439 (squid) 165 44 64282624 5617
1595202223.110456 18439 (squid) 177 48 64282624 5617
1595202223.628829 18439 (squid) 190 53 64282624 5617
1595202224.145466 18439 (squid) 203 57 64282624 5617
1595202224.661212 18439 (squid) 216 60 64282624 5617
1595202225.179549 18439 (squid) 230 63 64282624 5617
1595202225.695857 18439 (squid) 242 67 64282624 5617
1595202226.212051 18439 (squid) 255 72 64282624 5617
1595202226.728620 18439 (squid) 267 77 64282624 5617
1595202227.244579 18439 (squid) 278 82 64282624 5617
1595202227.760394 18439 (squid) 291 86 64282624 5642
1595202228.276642 18439 (squid) 303 90 64282624 5642
1595202228.793039 18439 (squid) 314 96 64282624 5642
1595202229.308914 18439 (squid) 328 99 64282624 5642
1595202229.825587 18439 (squid) 340 103 64282624 5642
1595202230.341488 18439 (squid) 353 108 64282624 5642
1595202230.857880 18439 (squid) 366 112 64282624 5642
1595202231.376659 18439 (squid) 378 116 64282624 5642
1595202231.894957 18439 (squid) 390 122 64282624 5642
1595202232.410801 18439 (squid) 404 125 64282624 5642
1595202232.926817 18439 (squid) 415 131 64282624 5642
1595202233.442785 18439 (squid) 429 133 64282624 5642
1595202233.958703 18439 (squid) 443 136 64282624 5642
1595202234.474726 18439 (squid) 456 140 64282624 5642
1595202234.990575 18439 (squid) 468 144 64282624 5642
1595202235.507606 18439 (squid) 480 149 64282624 5642
1595202236.023579 18439 (squid) 495 151 64282624 5642
1595202236.539458 18439 (squid) 507 156 64282624 5642
1595202237.058025 18439 (squid) 520 160 64282624 5642
1595202237.573989 18439 (squid) 531 165 64282624 5642
1595202238.089895 18439 (squid) 545 168 64282624 5642
1595202238.605773 18439 (squid) 559 171 64282624 5642
1595202239.121743 18439 (squid) 571 177 64282624 5642
1595202239.637540 18439 (squid) 583 180 64282624 5642
1595202240.153492 18439 (squid) 596 185 64282624 5642
1595202240.669343 18439 (squid) 608 189 64282624 5642
1595202241.185168 18439 (squid) 621 192 64282624 5642
1595202241.701495 18439 (squid) 632 198 64282624 5642
1595202242.220220 18439 (squid) 645 202 64282624 5642
1595202242.736440 18439 (squid) 657 207 64282624 5642
1595202243.252140 18439 (squid) 670 211 64282624 5642
1595202243.767967 18439 (squid) 683 215 64282624 5642
1595202244.283932 18439 (squid) 696 218 64282624 5642
1595202244.800150 18439 (squid) 709 221 64282624 5642
1595202245.316791 18439 (squid) 723 224 64282624 5642
1595202245.832346 18439 (squid) 734 230 64282624 5642
1595202246.348230 18439 (squid) 746 235 64282624 5642
1595202246.864317 18439 (squid) 759 239 64282624 5642
1595202247.380363 18439 (squid) 769 245 64282624 5642
1595202247.896422 18439 (squid) 783 248 64282624 5642
1595202248.412164 18439 (squid) 796 252 64282624 5642
1595202248.927957 18439 (squid) 810 255 64282624 5642
1595202249.443755 18439 (squid) 824 258 64282624 5642
1595202249.959530 18439 (squid) 837 261 64282624 5642
1595202250.475937 18439 (squid) 851 264 64282624 5642
1595202250.991717 18439 (squid) 863 269 64282624 5642
1595202251.507526 18439 (squid) 875 273 64282624 5642
1595202252.024001 18439 (squid) 888 277 64282624 5642
1595202252.539996 18439 (squid) 901 280 64282624 5642
1595202253.056453 18439 (squid) 915 283 64282624 5642
1595202253.572552 18439 (squid) 926 288 64282624 5642
1595202254.088406 18439 (squid) 940 291 64282624 5642
1595202254.607068 18439 (squid) 953 294 64282624 5642
1595202255.123691 18439 (squid) 967 297 64282624 5642
1595202255.639637 18439 (squid) 980 301 64282624 5642
1595202256.155562 18439 (squid) 993 305 64282624 5642
1595202256.671209 18439 (squid) 1005 310 64282624 5642
1595202257.186945 18439 (squid) 1019 313 64282624 5642
1595202257.705574 18439 (squid) 1030 319 64282624 5642
1595202258.221459 18439 (squid) 1040 325 64282624 5642
1595202258.744859 18439 (squid) 1046 325 64282624 5642
1595202259.267894 18439 (squid) 1046 325 64282624 5642
1595202259.790927 18439 (squid) 1046 325 64282624 5642
1595202260.313767 18439 (squid) 1046 325 64282624 5642
1595202260.836897 18439 (squid) 1046 325 64282624 5642
1595202261.359788 18439 (squid) 1046 325 64282624 5642
1595202261.882894 18439 (squid) 1046 325 64282624 5642
1595202262.405896 18439 (squid) 1046 325 64282624 5642
1595202262.928911 18439 (squid) 1046 325 64282624 5642
1595202263.451832 18439 (squid) 1046 325 64282624 5642
1595202263.974788 18439 (squid) 1046 325 64282624 5642
1595202264.497739 18439 (squid) 1046 325 64282624 5642
1595202265.020810 18439 (squid) 1046 325 64282624 5642
1595202265.543762 18439 (squid) 1046 325 64282624 5642
1595202266.066832 18439 (squid) 1046 325 64282624 5642
1595202266.589714 18439 (squid) 1046 325 64282624 5642
1595202267.112714 18439 (squid) 1046 325 64282624 5642
1595202267.635644 18439 (squid) 1046 325 64282624 5642
1595202268.158720 18439 (squid) 1046 325 64282624 5642
