1594771099.344851 22097 (nfd) 3 1 223547392 7942
1594771099.897731 22097 (nfd) 6 1 223547392 7942
1594771100.421737 22097 (nfd) 7 2 223547392 7942
1594771100.944839 22097 (nfd) 10 2 223547392 7942
1594771101.468787 22097 (nfd) 13 3 223547392 7942
1594771101.992048 22097 (nfd) 15 3 223547392 7942
1594771102.515745 22097 (nfd) 18 3 223547392 7942
1594771103.038839 22097 (nfd) 19 4 223547392 7942
1594771103.562625 22097 (nfd) 22 5 223547392 7942
1594771104.085802 22097 (nfd) 23 6 223547392 7942
1594771104.608922 22097 (nfd) 25 7 223547392 7942
1594771105.132669 22097 (nfd) 26 8 223547392 7942
1594771105.655933 22097 (nfd) 28 8 223547392 7942
1594771106.180003 22097 (nfd) 30 9 223547392 7942
1594771106.736372 22097 (nfd) 32 9 223547392 7942
1594771107.259830 22097 (nfd) 33 10 223547392 7942
1594771107.815744 22097 (nfd) 35 10 223547392 7942
1594771108.339900 22097 (nfd) 37 12 223547392 7942
1594771108.863628 22097 (nfd) 39 12 223547392 7942
1594771109.386838 22097 (nfd) 42 12 223547392 7942
1594771109.909869 22097 (nfd) 43 13 223547392 7942
1594771110.429646 22097 (nfd) 45 13 223547392 7942
1594771110.952848 22097 (nfd) 46 14 223547392 7942
1594771111.475842 22097 (nfd) 48 15 223547392 7942
1594771111.999154 22097 (nfd) 50 15 223547392 7942
1594771112.555571 22097 (nfd) 52 16 223547392 7942
1594771113.079710 22097 (nfd) 55 16 223547392 7942
1594771113.602818 22097 (nfd) 57 17 223547392 7942
1594771114.160335 22097 (nfd) 58 17 223547392 7942
1594771114.683792 22097 (nfd) 61 18 223547392 7942
1594771115.207635 22097 (nfd) 63 18 223547392 7942
1594771115.730859 22097 (nfd) 64 20 223547392 7942
1594771116.253975 22097 (nfd) 66 20 223547392 7942
1594771116.777907 22097 (nfd) 67 21 223547392 7942
1594771117.301791 22097 (nfd) 69 22 223547392 7942
1594771117.824886 22097 (nfd) 70 23 223547392 7942
1594771118.347916 22097 (nfd) 72 24 223547392 7942
1594771118.871826 22097 (nfd) 74 24 223547392 7942
1594771119.394929 22097 (nfd) 75 25 223547392 7942
1594771119.917859 22097 (nfd) 77 26 223547392 7942
1594771120.440863 22097 (nfd) 78 28 223547392 7942
1594771120.963877 22097 (nfd) 79 29 223547392 7942
1594771121.486934 22097 (nfd) 80 30 223547392 7942
1594771122.009951 22097 (nfd) 82 31 223547392 7942
1594771122.532909 22097 (nfd) 84 31 223547392 7942
1594771123.056677 22097 (nfd) 86 32 223547392 7942
1594771123.579921 22097 (nfd) 88 32 223547392 7942
1594771124.103851 22097 (nfd) 90 33 223547392 7942
1594771124.626983 22097 (nfd) 92 33 223547392 7942
1594771125.150817 22097 (nfd) 94 33 223547392 7942
1594771125.674059 22097 (nfd) 95 34 223547392 7942
1594771126.230348 22097 (nfd) 96 36 223547392 7942
1594771126.754018 22097 (nfd) 99 36 223547392 7942
1594771127.277690 22097 (nfd) 101 36 223547392 7942
1594771127.800838 22097 (nfd) 104 36 223547392 7942
1594771128.323891 22097 (nfd) 106 37 223547392 7942
1594771128.846921 22097 (nfd) 108 37 223547392 7942
1594771129.369875 22097 (nfd) 110 38 223547392 7942
1594771129.892968 22097 (nfd) 111 39 223547392 7942
1594771130.415957 22097 (nfd) 113 40 223547392 7942
1594771130.939880 22097 (nfd) 115 41 223547392 7942
1594771131.463095 22097 (nfd) 117 41 223547392 7942
1594771132.020165 22097 (nfd) 118 42 223547392 7942
1594771132.543824 22097 (nfd) 121 42 223547392 7942
1594771133.066921 22097 (nfd) 124 42 223547392 7942
1594771133.589944 22097 (nfd) 127 42 223547392 7942
1594771134.112966 22097 (nfd) 129 42 223547392 7942
1594771134.636730 22097 (nfd) 131 42 223547392 7942
1594771135.159971 22097 (nfd) 133 43 223547392 7942
1594771135.683775 22097 (nfd) 135 43 223547392 7942
1594771136.206903 22097 (nfd) 136 45 223547392 7942
1594771136.730096 22097 (nfd) 138 45 223547392 7942
1594771137.253856 22097 (nfd) 141 45 223547392 7942
1594771137.776952 22097 (nfd) 143 46 223547392 7942
1594771138.334918 22097 (nfd) 144 47 223547392 7942
1594771138.858905 22097 (nfd) 146 48 223547392 7942
1594771139.381968 22097 (nfd) 147 49 223547392 7942
1594771139.904978 22097 (nfd) 149 50 223547392 7942
1594771140.427983 22097 (nfd) 152 50 223547392 7942
1594771140.950992 22097 (nfd) 154 50 223547392 7942
1594771141.509392 22097 (nfd) 154 50 223547392 7942
1594771142.032940 22097 (nfd) 154 50 223547392 7942
1594771142.556780 22097 (nfd) 154 50 223547392 7942