1594770175.577760 11198 (squid) 1 1 62672896 5167
1594770176.101591 11198 (squid) 1 1 62672896 5167
1594770176.656184 11198 (squid) 1 1 62672896 5167
1594770177.179801 11198 (squid) 1 1 62672896 5167
1594770177.702911 11198 (squid) 1 1 62672896 5167
1594770178.226827 11198 (squid) 1 1 62672896 5167
1594770178.750479 11198 (squid) 1 1 62672896 5167
1594770179.273853 11198 (squid) 1 1 62672896 5167
1594770179.789792 11198 (squid) 8 3 64176128 5666
1594770180.305822 11198 (squid) 19 8 64176128 5666
1594770180.821847 11198 (squid) 32 11 64167936 5670
1594770181.337619 11198 (squid) 42 17 64233472 5672
1594770181.853433 11198 (squid) 55 20 64233472 5672
1594770182.369243 11198 (squid) 68 24 64233472 5672
1594770182.885447 11198 (squid) 81 27 64364544 5670
1594770183.401651 11198 (squid) 92 33 64167936 5670
1594770183.917828 11198 (squid) 105 36 64233472 5686
1594770184.433770 11198 (squid) 119 39 64233472 5672
1594770184.949868 11198 (squid) 130 43 64233472 5672
1594770185.466203 11198 (squid) 144 46 64167936 5670
1594770185.982596 11198 (squid) 158 48 64233472 5672
1594770186.498490 11198 (squid) 170 53 64167936 5670
1594770187.015317 11198 (squid) 182 57 64233472 5672
1594770187.533764 11198 (squid) 195 60 64167936 5670
1594770188.050019 11198 (squid) 208 64 64233472 5672
1594770188.566320 11198 (squid) 221 67 64233472 5686
1594770189.083026 11198 (squid) 232 72 64233472 5686
1594770189.598954 11198 (squid) 245 76 64233472 5672
1594770190.114864 11198 (squid) 259 78 64233472 5672
1594770190.631320 11198 (squid) 270 82 64233472 5672
1594770191.147197 11198 (squid) 283 85 64233472 5672
1594770191.663168 11198 (squid) 296 88 64233472 5672
1594770192.179066 11198 (squid) 309 91 64233472 5672
1594770192.694879 11198 (squid) 321 95 64233472 5686
1594770193.210681 11198 (squid) 333 99 64167936 5670
1594770193.726495 11198 (squid) 345 102 64233472 5672
1594770194.242571 11198 (squid) 358 105 64233472 5672
1594770194.758468 11198 (squid) 370 109 64167936 5670
1594770195.274327 11198 (squid) 382 112 64233472 5672
1594770195.790334 11198 (squid) 393 117 64233472 5686
1594770196.306633 11198 (squid) 408 119 64233472 5672
1594770196.822602 11198 (squid) 421 123 64233472 5686
1594770197.338523 11198 (squid) 433 127 64167936 5670
1594770197.854447 11198 (squid) 448 129 64233472 5686
1594770198.370821 11198 (squid) 462 131 64233472 5672
1594770198.887147 11198 (squid) 474 136 64233472 5686
1594770199.403049 11198 (squid) 488 139 64233472 5672
1594770199.919680 11198 (squid) 498 146 64233472 5686
1594770200.435921 11198 (squid) 510 150 64233472 5672
1594770200.951903 11198 (squid) 523 153 64233472 5672
1594770201.467878 11198 (squid) 535 158 64233472 5686
1594770201.983981 11198 (squid) 547 163 64233472 5672
1594770202.499876 11198 (squid) 560 167 64233472 5672
1594770203.016199 11198 (squid) 573 170 64233472 5672
1594770203.532719 11198 (squid) 585 174 64167936 5670
1594770204.048770 11198 (squid) 599 177 64233472 5672
1594770204.564630 11198 (squid) 613 180 64233472 5672
1594770205.080865 11198 (squid) 625 185 64233472 5672
1594770205.596832 11198 (squid) 637 189 64233472 5672
1594770206.112714 11198 (squid) 649 193 64233472 5672
1594770206.628554 11198 (squid) 662 197 64233472 5672
1594770207.144473 11198 (squid) 673 202 64233472 5686
1594770207.660351 11198 (squid) 686 205 64167936 5670
1594770208.176945 11198 (squid) 698 209 64299008 5672
1594770208.692702 11198 (squid) 712 211 64364544 5670
1594770209.209481 11198 (squid) 722 217 64233472 5686
1594770209.726199 11198 (squid) 734 221 64233472 5686
1594770210.241953 11198 (squid) 748 224 64233472 5686
1594770210.757706 11198 (squid) 759 228 64233472 5686
1594770211.273768 11198 (squid) 772 232 64233472 5672
1594770211.789849 11198 (squid) 784 236 64233472 5686
1594770212.305880 11198 (squid) 796 241 64233472 5686
1594770212.821949 11198 (squid) 808 246 64167936 5670
1594770213.338082 11198 (squid) 819 251 64233472 5672
1594770213.854002 11198 (squid) 833 255 64233472 5672
1594770214.370537 11198 (squid) 845 259 64233472 5672
1594770214.886589 11198 (squid) 859 262 64233472 5672
1594770215.402930 11198 (squid) 870 268 64233472 5686
1594770215.919222 11198 (squid) 883 271 64167936 5670
1594770216.435095 11198 (squid) 895 276 64233472 5672
1594770216.951762 11198 (squid) 908 280 64233472 5672
1594770217.468468 11198 (squid) 921 283 64233472 5672
1594770217.984482 11198 (squid) 934 287 64233472 5686
1594770218.501335 11198 (squid) 945 292 64233472 5672
1594770219.017327 11198 (squid) 958 295 64233472 5672
1594770219.534138 11198 (squid) 970 300 64233472 5672
1594770220.050346 11198 (squid) 983 304 64167936 5670
1594770220.566760 11198 (squid) 995 308 64233472 5686
1594770221.096638 11198 (squid) 1007 312 64233472 5686
1594770221.612959 11198 (squid) 1019 316 64233472 5672
1594770222.129017 11198 (squid) 1030 321 64233472 5672
1594770222.652123 11198 (squid) 1034 322 64102400 5654
1594770223.176023 11198 (squid) 1034 322 64102400 5654
1594770223.699097 11198 (squid) 1034 322 64102400 5654
1594770224.222914 11198 (squid) 1034 322 64102400 5654
1594770224.745890 11198 (squid) 1034 322 64102400 5654
1594770225.268968 11198 (squid) 1034 322 64102400 5654
1594770225.792021 11198 (squid) 1034 322 64102400 5654
1594770226.315261 11198 (squid) 1034 322 64102400 5654
1594770226.838968 11198 (squid) 1034 322 64102400 5654
1594770227.360028 11198 (squid) 1034 322 64102400 5654
1594770227.883871 11198 (squid) 1034 322 64102400 5654
1594770228.407038 11198 (squid) 1034 322 64102400 5654
1594770228.930122 11198 (squid) 1034 322 64102400 5654
1594770229.453961 11198 (squid) 1034 322 64102400 5654
1594770229.977042 11198 (squid) 1034 322 64102400 5654
1594770230.500133 11198 (squid) 1034 322 64102400 5654
1594770231.023998 11198 (squid) 1034 322 64102400 5654
1594770231.547216 11198 (squid) 1034 322 64102400 5654
1594770232.102376 11198 (squid) 1034 322 64102400 5654
1594770232.660815 11198 (squid) 1034 322 64102400 5654
1594770233.217405 11198 (squid) 1034 322 64102400 5654
1594770233.772840 11198 (squid) 1034 322 64102400 5654
1594770234.327713 11198 (squid) 1034 322 64102400 5654
1594770234.851999 11198 (squid) 1034 322 64102400 5654
1594770235.375226 11198 (squid) 1034 322 64102400 5654
