1595201897.030071 17727 (squid) 2 1 62672896 5204
1595201897.553712 17727 (squid) 2 1 62672896 5204
1595201898.076822 17727 (squid) 2 1 62672896 5204
1595201898.599650 17727 (squid) 2 1 62672896 5204
1595201899.122626 17727 (squid) 2 1 62672896 5204
1595201899.645575 17727 (squid) 2 1 62672896 5204
1595201900.161338 17727 (squid) 13 2 64102400 5570
1595201900.676960 17727 (squid) 54 13 64102400 5570
1595201901.192933 17727 (squid) 94 24 64102400 5570
1595201901.708910 17727 (squid) 133 37 64102400 5570
1595201902.225486 17727 (squid) 174 48 64102400 5570
1595201902.741125 17727 (squid) 217 56 64102400 5570
1595201903.256706 17727 (squid) 258 67 64102400 5570
1595201903.772415 17727 (squid) 298 78 64102400 5570
1595201904.288034 17727 (squid) 338 90 64102400 5570
1595201904.803799 17727 (squid) 380 99 64102400 5570
1595201905.319496 17727 (squid) 423 108 64102400 5570
1595201905.835509 17727 (squid) 464 118 64102400 5570
1595201906.351224 17727 (squid) 505 129 64102400 5570
1595201906.866882 17727 (squid) 546 139 64102400 5570
1595201907.382601 17727 (squid) 585 152 64102400 5635
1595201907.898329 17727 (squid) 629 160 64102400 5635
1595201908.414099 17727 (squid) 669 171 64102400 5635
1595201908.929842 17727 (squid) 711 181 64102400 5635
1595201909.445522 17727 (squid) 754 189 64102400 5635
1595201909.961201 17727 (squid) 795 200 64102400 5635
1595201910.476995 17727 (squid) 838 209 64102400 5635
1595201910.992798 17727 (squid) 879 219 64102400 5635
1595201911.508610 17727 (squid) 924 225 64102400 5635
1595201912.024442 17727 (squid) 962 239 64102400 5635
1595201912.540330 17727 (squid) 1002 251 64102400 5635
1595201913.056106 17727 (squid) 1046 259 64102400 5635
1595201913.571724 17727 (squid) 1088 268 64102400 5635
1595201914.087484 17727 (squid) 1129 278 64102400 5635
1595201914.603386 17727 (squid) 1172 287 64102400 5635
1595201915.119490 17727 (squid) 1216 294 64102400 5635
1595201915.635348 17727 (squid) 1256 306 64102400 5635
1595201916.151110 17727 (squid) 1298 316 64102400 5635
1595201916.666893 17727 (squid) 1340 326 64102400 5635
1595201917.182730 17727 (squid) 1381 336 64102400 5635
1595201917.698334 17727 (squid) 1423 345 64102400 5635
1595201918.214189 17727 (squid) 1468 353 64102400 5635
1595201918.729863 17727 (squid) 1511 361 64102400 5635
1595201919.245448 17727 (squid) 1553 369 64102400 5635
1595201919.761087 17727 (squid) 1593 380 64102400 5635
1595201920.276754 17727 (squid) 1636 388 64102400 5635
1595201920.792393 17727 (squid) 1679 398 64102400 5635
1595201921.308129 17727 (squid) 1720 408 64102400 5635
1595201921.823723 17727 (squid) 1762 417 64102400 5635
1595201922.339325 17727 (squid) 1806 425 64102400 5635
1595201922.855108 17727 (squid) 1847 436 64102400 5635
1595201923.370939 17727 (squid) 1889 445 64102400 5635
1595201923.886727 17727 (squid) 1933 452 64102400 5635
1595201924.402476 17727 (squid) 1973 462 64102400 5635
1595201924.918129 17727 (squid) 2016 472 64102400 5635
1595201925.433909 17727 (squid) 2058 481 64102400 5635
1595201925.949486 17727 (squid) 2099 491 64102400 5635
1595201926.465287 17727 (squid) 2138 504 64102400 5635
1595201926.980950 17727 (squid) 2179 515 64102400 5635
1595201927.496765 17727 (squid) 2218 527 64102400 5635
1595201928.012549 17727 (squid) 2258 538 64102400 5635
1595201928.528344 17727 (squid) 2301 547 64102400 5635
1595201929.044145 17727 (squid) 2342 558 64102400 5635
1595201929.560059 17727 (squid) 2384 568 64102400 5635
1595201930.075961 17727 (squid) 2426 577 64102400 5635
1595201930.591568 17727 (squid) 2468 586 64102400 5635
1595201931.107213 17727 (squid) 2509 597 64102400 5635
1595201931.623256 17727 (squid) 2551 607 64102400 5635
1595201932.139157 17727 (squid) 2590 619 64102400 5635
1595201932.655093 17727 (squid) 2627 633 64102400 5635
1595201933.170901 17727 (squid) 2668 644 64102400 5635
1595201933.686810 17727 (squid) 2710 652 64102400 5635
1595201934.202665 17727 (squid) 2753 662 64102400 5635
1595201934.718618 17727 (squid) 2793 672 64102400 5635
1595201935.234625 17727 (squid) 2835 682 64102400 5635
1595201935.750380 17727 (squid) 2874 695 64102400 5635
1595201936.265995 17727 (squid) 2917 704 64102400 5635
1595201936.781629 17727 (squid) 2959 713 64102400 5635
1595201937.297271 17727 (squid) 3002 721 64102400 5635
1595201937.812945 17727 (squid) 3045 729 64102400 5635
1595201938.328729 17727 (squid) 3087 738 64102400 5635
1595201938.844446 17727 (squid) 3129 747 64102400 5635
1595201939.360154 17727 (squid) 3167 761 64102400 5635
1595201939.875779 17727 (squid) 3209 771 64102400 5635
1595201940.398950 17727 (squid) 3227 774 64102400 5635
1595201940.922220 17727 (squid) 3227 774 64102400 5635
1595201941.445008 17727 (squid) 3227 774 64102400 5635
1595201941.967911 17727 (squid) 3227 774 64102400 5635
1595201942.490954 17727 (squid) 3227 774 64102400 5635
1595201943.013858 17727 (squid) 3227 774 64102400 5635
1595201943.536847 17727 (squid) 3227 774 64102400 5635
1595201944.059966 17727 (squid) 3227 774 64102400 5635
1595201944.582756 17727 (squid) 3227 774 64102400 5635
1595201945.105750 17727 (squid) 3227 774 64102400 5635
1595201945.628849 17727 (squid) 3227 774 64102400 5635
1595201946.151812 17727 (squid) 3228 774 64102400 5635
1595201946.674718 17727 (squid) 3228 774 64102400 5635
