1595198344.281876 7453 (nfd) 1 1 223412224 7680
1595198344.839238 7453 (nfd) 1 1 223412224 7680
1595198345.363159 7453 (nfd) 1 1 223412224 7680
1595198345.886235 7453 (nfd) 1 1 223412224 7680
1595198346.409219 7453 (nfd) 1 1 223412224 7680
1595198346.932199 7453 (nfd) 1 1 223412224 7680
1595198347.455115 7453 (nfd) 1 1 223686656 7975
1595198347.978069 7453 (nfd) 1 1 223686656 7975
1595198348.530842 7453 (nfd) 6 2 223686656 8041
1595198349.084700 7453 (nfd) 14 9 223686656 8041
1595198349.637368 7453 (nfd) 22 16 223686656 8041
1595198350.179507 7453 (nfd) 29 22 223686656 8041
1595198350.732515 7453 (nfd) 36 27 223686656 8041
1595198351.283077 7453 (nfd) 43 31 223686656 8041
1595198351.838041 7453 (nfd) 51 37 223686656 8041
1595198352.358129 7453 (nfd) 56 41 223686656 8041
1595198352.879350 7453 (nfd) 61 43 223686656 8041
1595198353.433115 7453 (nfd) 67 51 223686656 8041
1595198353.985091 7453 (nfd) 75 57 223686656 8041
1595198354.537961 7453 (nfd) 82 65 223686656 8041
1595198355.089361 7453 (nfd) 88 75 223686656 8041
1595198355.605539 7453 (nfd) 96 82 223686656 8041
1595198356.158226 7453 (nfd) 103 89 223686656 8041
1595198356.696075 7453 (nfd) 111 96 223686656 8041
1595198357.249905 7453 (nfd) 119 105 223686656 8041
1595198357.793463 7453 (nfd) 126 116 223686656 8041
1595198358.347603 7453 (nfd) 134 124 223686656 8041
1595198358.901341 7453 (nfd) 141 130 223686656 8041
1595198359.452481 7453 (nfd) 156 133 223686656 8041
1595198360.003913 7453 (nfd) 167 138 223686656 8041
1595198360.557003 7453 (nfd) 176 149 223686656 8041
1595198361.119400 7453 (nfd) 186 156 223686656 8041
1595198361.668757 7453 (nfd) 195 164 223686656 8041
1595198362.225381 7453 (nfd) 206 171 223686656 8041
1595198362.777442 7453 (nfd) 214 177 223686656 8041
1595198363.332693 7453 (nfd) 224 186 223686656 8041
1595198363.888039 7453 (nfd) 233 191 223686656 8041
1595198364.438075 7453 (nfd) 241 199 223686656 8041
1595198364.966570 7453 (nfd) 249 202 223686656 8041
1595198365.522764 7453 (nfd) 256 210 223686656 8041
1595198366.074985 7453 (nfd) 267 216 223686656 8041
1595198366.630537 7453 (nfd) 275 226 223686656 8041
1595198367.182858 7453 (nfd) 286 232 223686656 8041
1595198367.738004 7453 (nfd) 294 241 223686656 8041
1595198368.262032 7453 (nfd) 304 248 223686656 8041
1595198368.815942 7453 (nfd) 313 254 223686656 8041
1595198369.367553 7453 (nfd) 324 262 223686656 8041
1595198369.922683 7453 (nfd) 333 269 223686656 8041
1595198370.469583 7453 (nfd) 344 274 223686656 8041
1595198371.020013 7453 (nfd) 356 280 223686656 8041
1595198371.575549 7453 (nfd) 368 288 223686656 8041
1595198372.130909 7453 (nfd) 377 299 223686656 8041
1595198372.690504 7453 (nfd) 388 308 223686656 8041
1595198373.244860 7453 (nfd) 393 315 223686656 8041
1595198373.769442 7453 (nfd) 402 326 223686656 8041
1595198374.325196 7453 (nfd) 410 334 223686656 8041
1595198374.878526 7453 (nfd) 420 342 223686656 8041
1595198375.407044 7453 (nfd) 432 348 223686656 8041
1595198375.931061 7453 (nfd) 440 357 223686656 8041
1595198376.485972 7453 (nfd) 452 362 223686656 8041
1595198377.042421 7453 (nfd) 463 367 223686656 8041
1595198377.598395 7453 (nfd) 474 374 223686656 8041
1595198378.152186 7453 (nfd) 483 381 223686656 8041
1595198378.704290 7453 (nfd) 493 388 223686656 8041
1595198379.260444 7453 (nfd) 501 398 223686656 8041
1595198379.794663 7453 (nfd) 509 407 223686656 8041
1595198380.323893 7453 (nfd) 519 413 223686656 8041
1595198380.878246 7453 (nfd) 527 421 223686656 8041
1595198381.433205 7453 (nfd) 540 428 223686656 8041
1595198381.988320 7453 (nfd) 550 437 223686656 8041
1595198382.542134 7453 (nfd) 560 443 223686656 8041
1595198383.092747 7453 (nfd) 570 456 223686656 8041
1595198383.642209 7453 (nfd) 579 467 223686656 8041
1595198384.194237 7453 (nfd) 589 479 223686656 8041
1595198384.718366 7453 (nfd) 601 485 223686656 8041
1595198385.276324 7453 (nfd) 612 492 223686656 8041
1595198385.826205 7453 (nfd) 624 502 223686656 8041
1595198386.378686 7453 (nfd) 635 511 223686656 8041
1595198386.936152 7453 (nfd) 636 511 223686656 8041
1595198387.491792 7453 (nfd) 636 512 223686656 8041
1595198388.015487 7453 (nfd) 636 512 223686656 8041
1595198388.570737 7453 (nfd) 636 512 223686656 8041
1595198389.098629 7453 (nfd) 636 512 223686656 8041
1595198389.622277 7453 (nfd) 636 512 223686656 8041
1595198390.138586 7453 (nfd) 636 512 223686656 8041
1595198390.661634 7453 (nfd) 636 512 223686656 8041
1595198391.185282 7453 (nfd) 636 512 223686656 8041
1595198391.740888 7453 (nfd) 636 512 223686656 8041
1595198392.264375 7453 (nfd) 636 512 223686656 8041
1595198392.787416 7453 (nfd) 636 512 223686656 8041
1595198393.310552 7453 (nfd) 636 512 223686656 8041
1595198393.833741 7453 (nfd) 636 512 223686656 8041
1595198394.357351 7453 (nfd) 636 512 223686656 8041
1595198394.915403 7453 (nfd) 636 512 223686656 8041
1595198395.439360 7453 (nfd) 636 512 223686656 8041
1595198395.962688 7453 (nfd) 636 512 223686656 8041
1595198396.486270 7453 (nfd) 636 512 223686656 8041
1595198397.009498 7453 (nfd) 636 512 223686656 8041
1595198397.532580 7453 (nfd) 636 512 223686656 8041
1595198398.055532 7453 (nfd) 636 512 223686656 8041
1595198398.578854 7453 (nfd) 636 512 223686656 8041
1595198399.132204 7453 (nfd) 636 512 223686656 8041
