1595198136.385017 6394 (nfd) 1 0 223412224 7651
1595198136.908339 6394 (nfd) 1 0 223412224 7651
1595198137.431294 6394 (nfd) 1 0 223412224 7651
1595198137.954411 6394 (nfd) 1 0 223412224 7651
1595198138.477639 6394 (nfd) 1 0 223412224 7651
1595198139.000622 6394 (nfd) 1 0 223412224 7651
1595198139.523496 6394 (nfd) 1 0 223686656 7960
1595198140.046542 6394 (nfd) 1 0 223686656 7960
1595198140.570361 6394 (nfd) 5 3 223686656 7960
1595198141.123157 6394 (nfd) 12 11 223686656 8026
1595198141.677116 6394 (nfd) 20 18 223686656 8026
1595198142.229774 6394 (nfd) 31 23 223686656 8026
1595198142.783586 6394 (nfd) 40 28 223686656 8026
1595198143.307783 6394 (nfd) 51 34 223686656 8026
1595198143.856457 6394 (nfd) 60 40 223686656 8026
1595198144.411958 6394 (nfd) 68 49 223686656 8026
1595198144.966948 6394 (nfd) 76 56 223686656 8026
1595198145.518900 6394 (nfd) 87 62 223686656 8026
1595198146.070692 6394 (nfd) 100 66 223686656 8026
1595198146.623400 6394 (nfd) 110 75 223686656 8026
1595198147.176506 6394 (nfd) 122 82 223686656 8026
1595198147.700066 6394 (nfd) 131 91 223686656 8026
1595198148.252896 6394 (nfd) 139 99 223686656 8026
1595198148.805258 6394 (nfd) 146 108 223686656 8026
1595198149.358131 6394 (nfd) 157 113 223686656 8026
1595198149.917967 6394 (nfd) 166 121 223686656 8026
1595198150.465482 6394 (nfd) 176 129 223686656 8026
1595198151.016637 6394 (nfd) 189 139 223686656 8026
1595198151.566902 6394 (nfd) 201 147 223686656 8026
1595198152.122406 6394 (nfd) 212 156 223686656 8026
1595198152.646293 6394 (nfd) 225 163 223686656 8026
1595198153.198640 6394 (nfd) 239 168 223686656 8026
1595198153.753043 6394 (nfd) 252 171 223686656 8026
1595198154.282432 6394 (nfd) 264 177 223686656 8026
1595198154.831323 6394 (nfd) 269 181 223686656 8026
1595198155.355347 6394 (nfd) 277 189 223686656 8026
1595198155.908462 6394 (nfd) 287 195 223686656 8026
1595198156.463020 6394 (nfd) 299 199 223686656 8026
1595198157.016822 6394 (nfd) 311 207 223686656 8026
1595198157.540669 6394 (nfd) 322 213 223686656 8026
1595198158.092357 6394 (nfd) 331 220 223686656 8026
1595198158.648454 6394 (nfd) 344 227 223686656 8026
1595198159.172478 6394 (nfd) 355 235 223686656 8026
1595198159.725428 6394 (nfd) 364 241 223686656 8026
1595198160.278625 6394 (nfd) 374 249 223686656 8026
1595198160.833385 6394 (nfd) 383 259 223686656 8026
1595198161.388169 6394 (nfd) 390 266 223686656 8026
1595198161.912456 6394 (nfd) 397 276 223686656 8026
1595198162.467758 6394 (nfd) 407 283 223686656 8026
1595198162.991543 6394 (nfd) 420 289 223686656 8026
1595198163.514764 6394 (nfd) 429 296 223686656 8026
1595198164.069005 6394 (nfd) 435 302 223686656 8026
1595198164.626017 6394 (nfd) 444 307 223686656 8026
1595198165.179136 6394 (nfd) 455 313 223686656 8026
1595198165.733706 6394 (nfd) 466 318 223686656 8026
1595198166.288270 6394 (nfd) 474 327 223686656 8026
1595198166.840887 6394 (nfd) 481 337 223686656 8026
1595198167.364242 6394 (nfd) 492 343 223686656 8026
1595198167.918485 6394 (nfd) 501 354 223686656 8026
1595198168.472586 6394 (nfd) 508 363 223686656 8026
1595198168.997109 6394 (nfd) 521 368 223686656 8026
1595198169.549289 6394 (nfd) 530 376 223686656 8026
1595198170.103699 6394 (nfd) 540 383 223686656 8026
1595198170.660565 6394 (nfd) 547 389 223686656 8026
1595198171.184080 6394 (nfd) 555 397 223686656 8026
1595198171.738792 6394 (nfd) 561 404 223686656 8026
1595198172.293651 6394 (nfd) 570 411 223686656 8026
1595198172.849083 6394 (nfd) 582 420 223686656 8026
1595198173.400388 6394 (nfd) 596 425 223686656 8026
1595198173.953916 6394 (nfd) 610 431 223686656 8026
1595198174.506128 6394 (nfd) 618 439 223686656 8026
1595198175.059587 6394 (nfd) 630 445 223686656 8026
1595198175.609001 6394 (nfd) 639 455 223686656 8026
1595198176.164089 6394 (nfd) 650 461 223686656 8026
1595198176.719315 6394 (nfd) 659 466 223686656 8026
1595198177.272049 6394 (nfd) 670 471 223686656 8026
1595198177.825108 6394 (nfd) 679 480 223686656 8026
1595198178.379049 6394 (nfd) 687 490 223686656 8026
1595198178.902496 6394 (nfd) 689 493 223686656 8026
1595198179.425364 6394 (nfd) 689 493 223686656 8026
1595198179.948500 6394 (nfd) 689 493 223686656 8026
1595198180.471423 6394 (nfd) 689 493 223686656 8026
1595198180.994484 6394 (nfd) 689 493 223686656 8026
1595198181.517521 6394 (nfd) 689 493 223686656 8026
1595198182.040736 6394 (nfd) 689 493 223686656 8026
1595198182.563608 6394 (nfd) 689 493 223686656 8026
1595198183.086717 6394 (nfd) 689 493 223686656 8026
1595198183.609630 6394 (nfd) 689 493 223686656 8026
1595198184.132840 6394 (nfd) 689 493 223686656 8026
1595198184.655848 6394 (nfd) 689 493 223686656 8026
1595198185.178840 6394 (nfd) 689 493 223686656 8026
1595198185.701808 6394 (nfd) 689 493 223686656 8026
1595198186.224767 6394 (nfd) 689 493 223686656 8026
1595198186.747906 6394 (nfd) 689 493 223686656 8026
1595198187.270854 6394 (nfd) 689 493 223686656 8026
1595198187.793885 6394 (nfd) 689 493 223686656 8026
1595198188.316889 6394 (nfd) 689 493 223686656 8026
1595198188.839867 6394 (nfd) 689 493 223686656 8026
1595198189.362965 6394 (nfd) 689 493 223686656 8026
1595198189.885981 6394 (nfd) 689 493 223686656 8026
1595198190.409028 6394 (nfd) 689 493 223686656 8026
1595198190.932074 6394 (nfd) 689 493 223686656 8026
