1595201639.654991 15831 (squid) 1 0 62672896 5167
1595201640.178338 15831 (squid) 1 0 62672896 5167
1595201640.701475 15831 (squid) 1 0 62672896 5167
1595201641.224513 15831 (squid) 1 0 62672896 5167
1595201641.745971 15831 (squid) 1 0 62672896 5167
1595201642.269593 15831 (squid) 1 0 62672896 5167
1595201642.793545 15831 (squid) 9 3 64102400 5549
1595201643.310202 15831 (squid) 53 12 64102400 5549
1595201643.825882 15831 (squid) 94 22 64102400 5549
1595201644.341684 15831 (squid) 133 35 64102400 5549
1595201644.857372 15831 (squid) 173 45 64102400 5549
1595201645.373154 15831 (squid) 216 53 64102400 5549
1595201645.889644 15831 (squid) 258 63 64102400 5549
1595201646.406162 15831 (squid) 297 76 64102400 5549
1595201646.922014 15831 (squid) 342 83 64102400 5549
1595201647.438156 15831 (squid) 384 93 64102400 5549
1595201647.955017 15831 (squid) 425 103 64102400 5549
1595201648.470703 15831 (squid) 468 112 64102400 5549
1595201648.987253 15831 (squid) 509 122 64102400 5549
1595201649.503684 15831 (squid) 558 125 64102400 5549
1595201650.020138 15831 (squid) 597 136 64102400 5549
1595201650.536135 15831 (squid) 640 144 64102400 5549
1595201651.052123 15831 (squid) 684 152 64102400 5549
1595201651.568767 15831 (squid) 723 165 64102400 5549
1595201652.084503 15831 (squid) 764 175 64102400 5549
1595201652.600222 15831 (squid) 811 180 64102400 5549
1595201653.115898 15831 (squid) 852 191 64102400 5549
1595201653.631574 15831 (squid) 894 200 64102400 5549
1595201654.147222 15831 (squid) 935 211 64102400 5549
1595201654.663056 15831 (squid) 976 221 64102400 5549
1595201655.178723 15831 (squid) 1015 233 64102400 5549
1595201655.694388 15831 (squid) 1055 244 64102400 5549
1595201656.210245 15831 (squid) 1095 256 64102400 5549
1595201656.725924 15831 (squid) 1137 266 64102400 5549
1595201657.241881 15831 (squid) 1177 276 64102400 5549
1595201657.757526 15831 (squid) 1219 286 64102400 5549
1595201658.273661 15831 (squid) 1263 293 64102400 5549
1595201658.789250 15831 (squid) 1305 303 64102400 5549
1595201659.304903 15831 (squid) 1346 314 64102400 5549
1595201659.820622 15831 (squid) 1387 324 64102400 5549
1595201660.336274 15831 (squid) 1431 331 64102400 5549
1595201660.852000 15831 (squid) 1476 338 64102400 5549
1595201661.367614 15831 (squid) 1519 347 64102400 5549
1595201661.883302 15831 (squid) 1563 355 64102400 5549
1595201662.398910 15831 (squid) 1607 361 64102400 5549
1595201662.914573 15831 (squid) 1652 369 64102400 5549
1595201663.430217 15831 (squid) 1692 380 64102400 5549
1595201663.945877 15831 (squid) 1733 391 64102400 5549
1595201664.461534 15831 (squid) 1775 400 64102400 5549
1595201664.977229 15831 (squid) 1817 409 64102400 5549
1595201665.493201 15831 (squid) 1859 419 64102400 5549
1595201666.009180 15831 (squid) 1900 429 64102400 5549
1595201666.524836 15831 (squid) 1942 439 64102400 5549
1595201667.040741 15831 (squid) 1987 446 64102400 5549
1595201667.556354 15831 (squid) 2028 457 64102400 5549
1595201668.072379 15831 (squid) 2070 466 64102400 5549
1595201668.588171 15831 (squid) 2112 475 64102400 5549
1595201669.104661 15831 (squid) 2155 484 64102400 5549
1595201669.621117 15831 (squid) 2196 495 64102400 5549
1595201670.137606 15831 (squid) 2238 503 64102400 5549
1595201670.654040 15831 (squid) 2280 512 64102400 5549
1595201671.170573 15831 (squid) 2322 523 64102400 5549
1595201671.686251 15831 (squid) 2363 533 64102400 5549
1595201672.202899 15831 (squid) 2405 542 64102400 5549
1595201672.719431 15831 (squid) 2447 552 64102400 5549
1595201673.235149 15831 (squid) 2487 564 64102400 5549
1595201673.751098 15831 (squid) 2530 572 64102400 5549
1595201674.266709 15831 (squid) 2572 581 64102400 5549
1595201674.782607 15831 (squid) 2612 593 64102400 5549
1595201675.298209 15831 (squid) 2650 606 64102400 5549
1595201675.813889 15831 (squid) 2692 617 64102400 5549
1595201676.329688 15831 (squid) 2735 625 64102400 5549
1595201676.845763 15831 (squid) 2779 632 64102400 5549
1595201677.361666 15831 (squid) 2822 641 64102400 5549
1595201677.877603 15831 (squid) 2866 648 64102400 5549
1595201678.393502 15831 (squid) 2911 655 64102400 5549
1595201678.909446 15831 (squid) 2956 662 64102400 5549
1595201679.425120 15831 (squid) 2998 671 64102400 5549
1595201679.940808 15831 (squid) 3036 684 64102400 5549
1595201680.456453 15831 (squid) 3079 692 64102400 5549
1595201680.972334 15831 (squid) 3123 700 64102400 5549
1595201681.488002 15831 (squid) 3165 709 64102400 5549
1595201682.003710 15831 (squid) 3210 716 64102400 5549
1595201682.519403 15831 (squid) 3248 729 64102400 5549
1595201683.035071 15831 (squid) 3288 740 64102400 5549
1595201683.558345 15831 (squid) 3292 741 64102400 5549
1595201684.081536 15831 (squid) 3292 741 64102400 5549
1595201684.604552 15831 (squid) 3292 741 64102400 5549
1595201685.127529 15831 (squid) 3292 741 64102400 5549
1595201685.650679 15831 (squid) 3292 741 64102400 5549
1595201686.173516 15831 (squid) 3292 741 64102400 5549
1595201686.696674 15831 (squid) 3292 741 64102400 5549
1595201687.219448 15831 (squid) 3292 741 64102400 5549
1595201687.742539 15831 (squid) 3292 741 64102400 5549
1595201688.265557 15831 (squid) 3292 741 64102400 5549
1595201688.788688 15831 (squid) 3292 741 64102400 5549
1595201689.312502 15831 (squid) 3292 741 64102400 5549
