1595202393.222841 8577 (squid) 2 0 62672896 5174
1595202393.745757 8577 (squid) 2 0 62672896 5174
1595202394.268722 8577 (squid) 2 0 62672896 5174
1595202394.791652 8577 (squid) 2 0 62672896 5174
1595202395.314909 8577 (squid) 2 0 62672896 5174
1595202395.837785 8577 (squid) 2 0 62672896 5174
1595202396.353531 8577 (squid) 6 0 64249856 5639
1595202396.869382 8577 (squid) 16 7 64249856 5653
1595202397.385474 8577 (squid) 29 11 64249856 5653
1595202397.901648 8577 (squid) 44 12 64249856 5639
1595202398.417461 8577 (squid) 55 19 64249856 5639
1595202398.934337 8577 (squid) 67 23 64249856 5639
1595202399.450040 8577 (squid) 78 28 64249856 5653
1595202399.965906 8577 (squid) 91 33 64233472 5635
1595202400.481772 8577 (squid) 103 37 64233472 5649
1595202400.997504 8577 (squid) 115 42 64233472 5635
1595202401.513544 8577 (squid) 126 48 64233472 5649
1595202402.029679 8577 (squid) 140 52 64167936 5633
1595202402.545394 8577 (squid) 155 53 64233472 5649
1595202403.061128 8577 (squid) 169 56 64233472 5649
1595202403.577127 8577 (squid) 182 61 64233472 5635
1595202404.093219 8577 (squid) 195 64 64233472 5649
1595202404.609138 8577 (squid) 209 68 64233472 5649
1595202405.124914 8577 (squid) 223 70 64233472 5649
1595202405.640619 8577 (squid) 236 74 64233472 5635
1595202406.156473 8577 (squid) 249 78 64233472 5649
1595202406.672245 8577 (squid) 263 81 64364544 5633
1595202407.187941 8577 (squid) 276 85 64233472 5635
1595202407.703770 8577 (squid) 288 90 64167936 5633
1595202408.219682 8577 (squid) 300 95 64233472 5635
1595202408.735685 8577 (squid) 314 98 64233472 5635
1595202409.254124 8577 (squid) 328 101 64233472 5635
1595202409.770310 8577 (squid) 340 106 64167936 5633
1595202410.286097 8577 (squid) 353 109 64167936 5633
1595202410.801872 8577 (squid) 365 114 64233472 5649
1595202411.317848 8577 (squid) 379 117 64233472 5635
1595202411.836479 8577 (squid) 391 121 64233472 5649
1595202412.352510 8577 (squid) 405 125 64167936 5633
1595202412.871281 8577 (squid) 417 129 64233472 5635
1595202413.387322 8577 (squid) 430 134 64233472 5635
1595202413.903194 8577 (squid) 444 137 64167936 5633
1595202414.419180 8577 (squid) 458 140 64233472 5635
1595202414.935102 8577 (squid) 469 145 64233472 5635
1595202415.451125 8577 (squid) 482 149 64233472 5635
1595202415.966921 8577 (squid) 495 153 64233472 5635
1595202416.482825 8577 (squid) 508 156 64233472 5635
1595202416.998775 8577 (squid) 521 161 64233472 5635
1595202417.514813 8577 (squid) 533 165 64167936 5633
1595202418.030796 8577 (squid) 546 169 64233472 5649
1595202418.546692 8577 (squid) 558 175 64233472 5635
1595202419.062724 8577 (squid) 571 178 64233472 5635
1595202419.578832 8577 (squid) 584 182 64233472 5635
1595202420.095219 8577 (squid) 598 185 64233472 5635
1595202420.610982 8577 (squid) 611 189 64167936 5633
1595202421.126777 8577 (squid) 624 193 64233472 5649
1595202421.643130 8577 (squid) 637 197 64233472 5635
1595202422.159201 8577 (squid) 648 202 64167936 5633
1595202422.675260 8577 (squid) 661 206 64233472 5635
1595202423.191185 8577 (squid) 675 209 64167936 5633
1595202423.709742 8577 (squid) 686 214 64233472 5635
1595202424.225500 8577 (squid) 701 217 64233472 5635
1595202424.741383 8577 (squid) 712 222 64233472 5635
1595202425.257085 8577 (squid) 725 226 64233472 5649
1595202425.773670 8577 (squid) 737 231 64233472 5649
1595202426.289928 8577 (squid) 751 234 64167936 5633
1595202426.808568 8577 (squid) 764 238 64233472 5635
1595202427.324744 8577 (squid) 777 242 64233472 5635
1595202427.840758 8577 (squid) 790 246 64167936 5633
1595202428.356606 8577 (squid) 802 252 64233472 5635
1595202428.875419 8577 (squid) 816 254 64233472 5635
1595202429.391599 8577 (squid) 829 259 64233472 5635
1595202429.910125 8577 (squid) 841 263 64233472 5635
1595202430.426518 8577 (squid) 856 265 64233472 5635
1595202430.945286 8577 (squid) 867 271 64233472 5635
1595202431.461317 8577 (squid) 880 275 64233472 5635
1595202431.977357 8577 (squid) 891 282 64233472 5649
1595202432.493211 8577 (squid) 904 285 64233472 5635
1595202433.008988 8577 (squid) 919 288 64233472 5635
1595202433.525348 8577 (squid) 931 293 64233472 5649
1595202434.041504 8577 (squid) 942 298 64233472 5635
1595202434.557394 8577 (squid) 958 300 64233472 5635
1595202435.073038 8577 (squid) 970 304 64233472 5635
1595202435.589118 8577 (squid) 981 310 64233472 5635
1595202436.107870 8577 (squid) 995 313 64233472 5635
1595202436.623826 8577 (squid) 1007 318 64167936 5633
1595202437.139735 8577 (squid) 1020 323 64299008 5635
1595202437.655406 8577 (squid) 1032 328 64167936 5633
1595202438.171178 8577 (squid) 1046 330 64233472 5635
1595202438.694835 8577 (squid) 1048 331 64102400 5617
1595202439.217830 8577 (squid) 1048 331 64102400 5617
1595202439.740884 8577 (squid) 1048 331 64102400 5617
1595202440.263828 8577 (squid) 1048 331 64102400 5617
1595202440.786891 8577 (squid) 1048 331 64102400 5617
1595202441.309827 8577 (squid) 1048 331 64102400 5617
1595202441.832915 8577 (squid) 1048 331 64102400 5617
1595202442.355827 8577 (squid) 1048 331 64102400 5617
1595202442.878973 8577 (squid) 1048 331 64102400 5617
1595202443.401844 8577 (squid) 1048 331 64102400 5617
1595202443.924890 8577 (squid) 1048 331 64102400 5617
1595202444.448284 8577 (squid) 1048 331 64102400 5617
1595202444.971627 8577 (squid) 1048 331 64102400 5617
1595202445.494744 8577 (squid) 1048 331 64102400 5617
1595202446.017791 8577 (squid) 1048 331 64102400 5617
1595202446.540752 8577 (squid) 1048 331 64102400 5617
1595202447.063752 8577 (squid) 1048 331 64102400 5617
1595202447.586828 8577 (squid) 1048 331 64102400 5617
1595202448.109715 8577 (squid) 1048 331 64102400 5617
