1595198011.662722 5686 (nfd) 0 0 223412224 7634
1595198012.186038 5686 (nfd) 0 0 223412224 7634
1595198012.708964 5686 (nfd) 0 0 223412224 7634
1595198013.231989 5686 (nfd) 0 0 223412224 7634
1595198013.754901 5686 (nfd) 0 0 223412224 7634
1595198014.277988 5686 (nfd) 0 0 223412224 7634
1595198014.801162 5686 (nfd) 0 1 223678464 7907
1595198015.324001 5686 (nfd) 0 1 223678464 7907
1595198015.878324 5686 (nfd) 2 4 223678464 7907
1595198016.433449 5686 (nfd) 9 12 223678464 7907
1595198016.956834 5686 (nfd) 18 20 223678464 7907
1595198017.507977 5686 (nfd) 31 25 223678464 7907
1595198018.063158 5686 (nfd) 44 32 223678464 7907
1595198018.618210 5686 (nfd) 51 40 223678464 7907
1595198019.142168 5686 (nfd) 58 47 223678464 7907
1595198019.697947 5686 (nfd) 68 53 223678464 7907
1595198020.253156 5686 (nfd) 77 62 223678464 7907
1595198020.808330 5686 (nfd) 87 70 223678464 7907
1595198021.332766 5686 (nfd) 97 78 223678464 7907
1595198021.884452 5686 (nfd) 104 85 223678464 7907
1595198022.408248 5686 (nfd) 118 92 223678464 7907
1595198022.963320 5686 (nfd) 127 99 223678464 7907
1595198023.486687 5686 (nfd) 138 106 223678464 7907
1595198024.040187 5686 (nfd) 143 113 223678464 7907
1595198024.594206 5686 (nfd) 148 120 223678464 7907
1595198025.148554 5686 (nfd) 156 125 223678464 7907
1595198025.672063 5686 (nfd) 169 130 223678464 7907
1595198026.223143 5686 (nfd) 178 137 223678464 7907
1595198026.778421 5686 (nfd) 186 144 223678464 7907
1595198027.332228 5686 (nfd) 193 149 223678464 7907
1595198027.887403 5686 (nfd) 204 156 223678464 7907
1595198028.439261 5686 (nfd) 213 164 223678464 7907
1595198028.995776 5686 (nfd) 222 173 223678464 7907
1595198029.549168 5686 (nfd) 232 179 223678464 7907
1595198030.103653 5686 (nfd) 242 183 223678464 7907
1595198030.658755 5686 (nfd) 252 191 223678464 7907
1595198031.213247 5686 (nfd) 259 198 223678464 7907
1595198031.768445 5686 (nfd) 265 205 223678464 7907
1595198032.317792 5686 (nfd) 277 210 223678464 7907
1595198032.867657 5686 (nfd) 290 219 223678464 7907
1595198033.391104 5686 (nfd) 301 227 223678464 7907
1595198033.914304 5686 (nfd) 309 234 223678464 7907
1595198034.466034 5686 (nfd) 317 241 223678464 7907
1595198035.019153 5686 (nfd) 327 250 223678464 7907
1595198035.573804 5686 (nfd) 339 255 223678464 7907
1595198036.128547 5686 (nfd) 346 264 223678464 7907
1595198036.683557 5686 (nfd) 359 269 223678464 7907
1595198037.238365 5686 (nfd) 371 274 223678464 7907
1595198037.762020 5686 (nfd) 380 283 223678464 7907
1595198038.311844 5686 (nfd) 394 287 223678464 7907
1595198038.868114 5686 (nfd) 404 298 223678464 7907
1595198039.423189 5686 (nfd) 414 307 223678464 7907
1595198039.978392 5686 (nfd) 422 317 223678464 7907
1595198040.533551 5686 (nfd) 431 326 223678464 7907
1595198041.088380 5686 (nfd) 444 331 223678464 7907
1595198041.643543 5686 (nfd) 457 338 223678464 7907
1595198042.192855 5686 (nfd) 468 343 223678464 7907
1595198042.748228 5686 (nfd) 481 348 223678464 7907
1595198043.304090 5686 (nfd) 492 355 223678464 7907
1595198043.858667 5686 (nfd) 500 366 223678464 7907
1595198044.413748 5686 (nfd) 512 372 223678464 7907
1595198044.968784 5686 (nfd) 519 382 223678464 7907
1595198045.492151 5686 (nfd) 529 387 223678464 7907
1595198046.016474 5686 (nfd) 538 393 223678464 7907
1595198046.540509 5686 (nfd) 546 404 223678464 7907
1595198047.064009 5686 (nfd) 555 409 223678464 7907
1595198047.616108 5686 (nfd) 569 415 223678464 7907
1595198048.169279 5686 (nfd) 580 421 223678464 7907
1595198048.693185 5686 (nfd) 591 427 223678464 7907
1595198049.216457 5686 (nfd) 600 435 223678464 7907
1595198049.767860 5686 (nfd) 610 443 223678464 7907
1595198050.323571 5686 (nfd) 621 451 223678464 7907
1595198050.847709 5686 (nfd) 632 458 223678464 7907
1595198051.371325 5686 (nfd) 642 466 223678464 7907
1595198051.923456 5686 (nfd) 655 473 223678464 7907
1595198052.446508 5686 (nfd) 667 480 223678464 7907
1595198052.999935 5686 (nfd) 676 485 223678464 7907
1595198053.524800 5686 (nfd) 687 490 223678464 7907
1595198054.048395 5686 (nfd) 692 493 223678464 7907
1595198054.571440 5686 (nfd) 692 493 223678464 7907
1595198055.094320 5686 (nfd) 692 493 223678464 7907
1595198055.617289 5686 (nfd) 692 493 223678464 7907
1595198056.140338 5686 (nfd) 692 493 223678464 7907
1595198056.663412 5686 (nfd) 692 493 223678464 7907
1595198057.186359 5686 (nfd) 692 493 223678464 7907
1595198057.709296 5686 (nfd) 692 493 223678464 7907
1595198058.232497 5686 (nfd) 692 493 223678464 7907
1595198058.755501 5686 (nfd) 692 493 223678464 7907
1595198059.278341 5686 (nfd) 692 493 223678464 7907
1595198059.801470 5686 (nfd) 692 493 223678464 7907
1595198060.324520 5686 (nfd) 692 493 223678464 7907
1595198060.847384 5686 (nfd) 692 493 223678464 7907
1595198061.370341 5686 (nfd) 692 493 223678464 7907
1595198061.893426 5686 (nfd) 692 493 223678464 7907
1595198062.416394 5686 (nfd) 692 493 223678464 7907
1595198062.939565 5686 (nfd) 692 493 223678464 7907
1595198063.462645 5686 (nfd) 692 493 223678464 7907
1595198063.985567 5686 (nfd) 692 493 223678464 7907
1595198064.508523 5686 (nfd) 692 493 223678464 7907
1595198065.031654 5686 (nfd) 692 493 223678464 7907
1595198065.554584 5686 (nfd) 692 493 223678464 7907
1595198066.077528 5686 (nfd) 692 493 223678464 7907
1595198066.600751 5686 (nfd) 692 493 223678464 7907
