1595117904.641028 10908 (nfd) 2 0 223412224 7680
1595117905.164663 10908 (nfd) 2 0 223412224 7680
1595117905.687620 10908 (nfd) 2 0 223412224 7680
1595117906.210638 10908 (nfd) 2 0 223412224 7680
1595117906.733540 10908 (nfd) 2 0 223412224 7680
1595117907.256504 10908 (nfd) 2 0 223412224 7680
1595117907.813635 10908 (nfd) 2 0 223674368 8010
1595117908.337490 10908 (nfd) 2 0 223674368 8010
1595117908.860490 10908 (nfd) 4 0 223674368 8010
1595117909.383634 10908 (nfd) 5 1 223674368 8010
1595117909.907319 10908 (nfd) 6 4 223674368 8010
1595117910.430455 10908 (nfd) 8 5 223674368 8010
1595117910.953411 10908 (nfd) 10 6 223674368 8010
1595117911.476466 10908 (nfd) 11 7 223674368 8010
1595117911.999384 10908 (nfd) 13 9 223674368 8010
1595117912.522536 10908 (nfd) 15 10 223674368 8010
1595117913.046198 10908 (nfd) 17 12 223674368 8010
1595117913.569370 10908 (nfd) 18 14 223674368 8010
1595117914.092162 10908 (nfd) 20 15 223674368 8010
1595117914.615251 10908 (nfd) 23 16 223674368 8010
1595117915.138345 10908 (nfd) 24 18 223674368 8010
1595117915.662006 10908 (nfd) 25 20 223674368 8010
1595117916.185172 10908 (nfd) 28 21 223674368 8010
1595117916.708156 10908 (nfd) 30 22 223674368 8010
1595117917.231075 10908 (nfd) 32 23 223674368 8010
1595117917.754041 10908 (nfd) 35 24 223674368 8010
1595117918.277056 10908 (nfd) 36 26 223674368 8010
1595117918.800046 10908 (nfd) 38 27 223674368 8010
1595117919.322954 10908 (nfd) 40 27 223674368 8010
1595117919.845909 10908 (nfd) 42 29 223674368 8010
1595117920.368848 10908 (nfd) 43 31 223674368 8010
1595117920.891772 10908 (nfd) 44 33 223674368 8010
1595117921.414738 10908 (nfd) 45 34 223674368 8010
1595117921.937656 10908 (nfd) 48 34 223674368 8010
1595117922.460692 10908 (nfd) 49 36 223674368 8010
1595117922.983709 10908 (nfd) 51 37 223674368 8010
1595117923.506715 10908 (nfd) 54 39 223674368 8010
1595117924.029755 10908 (nfd) 55 41 223674368 8010
1595117924.552973 10908 (nfd) 56 43 223674368 8010
1595117925.076674 10908 (nfd) 58 44 223674368 8010
1595117925.600392 10908 (nfd) 59 46 223674368 8010
1595117926.123762 10908 (nfd) 61 47 223674368 8010
1595117926.646571 10908 (nfd) 63 48 223674368 8010
1595117927.169525 10908 (nfd) 65 49 223674368 8010
1595117927.692623 10908 (nfd) 66 50 223674368 8010
1595117928.215453 10908 (nfd) 69 51 223674368 8010
1595117928.738440 10908 (nfd) 71 51 223674368 8010
1595117929.261290 10908 (nfd) 73 52 223674368 8010
1595117929.784331 10908 (nfd) 75 54 223674368 8010
1595117930.307380 10908 (nfd) 77 54 223674368 8010
1595117930.830256 10908 (nfd) 79 55 223674368 8010
1595117931.353197 10908 (nfd) 81 56 223674368 8010
1595117931.876322 10908 (nfd) 83 57 223674368 8010
1595117932.399246 10908 (nfd) 86 57 223674368 8010
1595117932.922204 10908 (nfd) 86 59 223674368 8010
1595117933.445243 10908 (nfd) 89 60 223674368 8010
1595117933.968113 10908 (nfd) 91 61 223674368 8010
1595117934.491132 10908 (nfd) 93 62 223674368 8010
1595117935.014184 10908 (nfd) 94 64 223674368 8010
1595117935.537244 10908 (nfd) 96 65 223674368 8010
1595117936.060106 10908 (nfd) 97 66 223674368 8010
1595117936.583005 10908 (nfd) 99 67 223674368 8010
1595117937.105910 10908 (nfd) 101 68 223674368 8010
1595117937.659776 10908 (nfd) 104 68 223674368 8010
1595117938.183953 10908 (nfd) 106 69 223674368 8010
1595117938.706910 10908 (nfd) 108 70 223674368 8010
1595117939.231052 10908 (nfd) 109 72 223674368 8010
1595117939.753932 10908 (nfd) 111 73 223674368 8010
1595117940.277000 10908 (nfd) 113 73 223674368 8010
1595117940.800032 10908 (nfd) 115 74 223674368 8010
1595117941.322997 10908 (nfd) 117 76 223674368 8010
1595117941.846003 10908 (nfd) 118 78 223674368 8010
1595117942.369017 10908 (nfd) 121 79 223674368 8010
1595117942.891955 10908 (nfd) 122 80 223674368 8010
1595117943.415068 10908 (nfd) 123 82 223674368 8010
1595117943.938736 10908 (nfd) 125 82 223674368 8010
1595117944.461790 10908 (nfd) 127 84 223674368 8010
1595117944.984883 10908 (nfd) 129 85 223674368 8010
1595117945.507814 10908 (nfd) 131 86 223674368 8010
1595117946.030757 10908 (nfd) 132 87 223674368 8010
1595117946.549428 10908 (nfd) 135 88 223674368 8010
1595117947.072561 10908 (nfd) 137 88 223674368 8010
1595117947.595709 10908 (nfd) 139 90 223674368 8010
1595117948.118686 10908 (nfd) 141 91 223674368 8010
1595117948.641600 10908 (nfd) 143 92 223674368 8010
1595117949.164485 10908 (nfd) 146 94 223674368 8010
1595117949.687613 10908 (nfd) 148 95 223674368 8010
1595117950.210628 10908 (nfd) 151 96 223674368 8010
1595117950.733537 10908 (nfd) 152 96 223674368 8010
1595117951.256380 10908 (nfd) 152 96 223674368 8010
1595117951.779621 10908 (nfd) 152 96 223674368 8010
1595117952.302556 10908 (nfd) 152 96 223674368 8010
1595117952.825591 10908 (nfd) 152 97 223674368 8010
1595117953.348502 10908 (nfd) 152 97 223674368 8010
1595117953.871413 10908 (nfd) 152 97 223674368 8010
1595117954.394362 10908 (nfd) 152 97 223674368 8010
1595117954.917405 10908 (nfd) 152 97 223674368 8010
1595117955.440397 10908 (nfd) 152 97 223674368 8010
1595117955.963444 10908 (nfd) 152 97 223674368 8010
1595117956.486292 10908 (nfd) 152 97 223674368 8010
1595117957.009352 10908 (nfd) 152 97 223674368 8010
1595117957.532326 10908 (nfd) 152 97 223674368 8010
1595117958.055035 10908 (nfd) 152 97 223674368 8010
1595117958.578179 10908 (nfd) 152 97 223674368 8010
1595117959.101188 10908 (nfd) 152 97 223674368 8010
